Change Component Designator: OldDesignator=BOOT0 NewDesignator=P2
Added Pin To Net: NetName=AOUTG Pin=J_audio-0
Added Pin To Net: NetName=AOUTG Pin=J_audio-0
Added Pin To Net: NetName=AOUTG Pin=J_audio-0
Added Pin To Net: NetName=AOUTG Pin=J_audio-0
Added Pin To Net: NetName=AOUTG Pin=J_audio-0
Added Pin To Net: NetName=AOUTG Pin=J_audio-0
Added Pin To Net: NetName=AOUTG Pin=J_audio-0
Added Pin To Net: NetName=AOUTG Pin=J_audio-0
Added Pin To Net: NetName=AOUTG Pin=J_audio-0
Added Pin To Net: NetName=AOUTG Pin=J_audio-0
Added Pin To Net: NetName=AOUTL Pin=J_audio-0
Added Pin To Net: NetName=AOUTL Pin=J_audio-0
Added Pin To Net: NetName=AOUTL Pin=J_audio-0
Added Pin To Net: NetName=AOUTL Pin=J_audio-0
Added Pin To Net: NetName=AOUTL Pin=J_audio-0
Added Pin To Net: NetName=AOUTL Pin=J_audio-0
Added Pin To Net: NetName=AOUTL Pin=J_audio-0
Added Pin To Net: NetName=AOUTL Pin=J_audio-0
Added Pin To Net: NetName=AOUTL Pin=J_audio-0
Added Pin To Net: NetName=AOUTL Pin=J_audio-0
Added Pin To Net: NetName=AOUTL Pin=J_audio-0
Added Pin To Net: NetName=AOUTL Pin=J_audio-0
Added Pin To Net: NetName=AOUTL Pin=J_audio-0
Added Pin To Net: NetName=AOUTL Pin=J_audio-0
Added Pin To Net: NetName=AOUTL Pin=J_audio-0
Added Pin To Net: NetName=AOUTL Pin=J_audio-0
Added Pin To Net: NetName=AOUTL Pin=J_audio-0
Added Pin To Net: NetName=AOUTL Pin=J_audio-0
Added Pin To Net: NetName=AOUTL Pin=J_audio-0
Added Pin To Net: NetName=AOUTL Pin=J_audio-0
Added Room: Name=audio
Added Room: Name=GPIO
Added Room: Name=irda
Added Room: Name=mcuCore
