Removed Member From Class: ClassName=mcuCore Member=C20
Removed Member From Class: ClassName=mcuCore Member=C21
Removed Member From Class: ClassName=mcuCore Member=C22
Removed Member From Class: ClassName=mcuCore Member=C23
Removed Member From Class: ClassName=mcuCore Member=C24
Removed Member From Class: ClassName=mcuCore Member=C25
Removed Member From Class: ClassName=mcuCore Member=C26
Removed Member From Class: ClassName=mcuCore Member=C27
Removed Member From Class: ClassName=mcuCore Member=C28
Removed Member From Class: ClassName=mcuCore Member=R4
Removed Member From Class: ClassName=mcuCore Member=R5
Removed Member From Class: ClassName=mcuCore Member=R6
Added Component: Designator=*(HSDL3201)
Add component. Clean all parameters for all variants
Added Component: Designator=C29(RAD-0.2)
Add component. Clean all parameters for all variants
Add component (AddParameter): Name = "LatestRevisionDate"; Value = "17-Jul-2002"; VariantName = "[No Variations]"
Add component (AddParameter): Name = "LatestRevisionNote"; Value = "Re-released for DXP Platform."; VariantName = "[No Variations]"
Add component (AddParameter): Name = "PackageDescription"; Value = "Radial Cap, Thru-Hole; 2 Leads; 0.3 in Pin Spacing"; VariantName = "[No Variations]"
Add component (AddParameter): Name = "PackageReference"; Value = "RAD-0.3"; VariantName = "[No Variations]"
Add component (AddParameter): Name = "Published"; Value = "8-Jun-2000"; VariantName = "[No Variations]"
Add component (AddParameter): Name = "Publisher"; Value = "Altium Limited"; VariantName = "[No Variations]"
Add component (AddParameter): Name = "Value"; Value = "100nF"; VariantName = "[No Variations]"
Added Component: Designator=D1(LED-0)
Add component. Clean all parameters for all variants
Add component (AddParameter): Name = "LatestRevisionDate"; Value = "08-Jul-2005"; VariantName = "[No Variations]"
Add component (AddParameter): Name = "LatestRevisionNote"; Value = "Mech Layer 1 removed."; VariantName = "[No Variations]"
Add component (AddParameter): Name = "PackageDescription"; Value = "LED; 2 Leads"; VariantName = "[No Variations]"
Add component (AddParameter): Name = "PackageReference"; Value = "LED-0"; VariantName = "[No Variations]"
Add component (AddParameter): Name = "Published"; Value = "8-Jun-2000"; VariantName = "[No Variations]"
Add component (AddParameter): Name = "Publisher"; Value = "Altium Limited"; VariantName = "[No Variations]"
Added Component: Designator=IRDA_Jumper(HDR2X3)
Add component. Clean all parameters for all variants
Add component (AddParameter): Name = "LatestRevisionDate"; Value = "17-Jul-2002"; VariantName = "[No Variations]"
Add component (AddParameter): Name = "LatestRevisionNote"; Value = "Re-released for DXP Platform."; VariantName = "[No Variations]"
Add component (AddParameter): Name = "Publisher"; Value = "Altium Limited"; VariantName = "[No Variations]"
Added Component: Designator=R8(AXIAL-0.4)
Add component. Clean all parameters for all variants
Add component (AddParameter): Name = "LatestRevisionDate"; Value = "17-Jul-2002"; VariantName = "[No Variations]"
Add component (AddParameter): Name = "LatestRevisionNote"; Value = "Re-released for DXP Platform."; VariantName = "[No Variations]"
Add component (AddParameter): Name = "PackageDescription"; Value = "Axial Device, Thru-Hole; 2 Leads; 0.4 in Pin Spacing"; VariantName = "[No Variations]"
Add component (AddParameter): Name = "PackageReference"; Value = "AXIAL-0.4"; VariantName = "[No Variations]"
Add component (AddParameter): Name = "Published"; Value = "8-Jun-2000"; VariantName = "[No Variations]"
Add component (AddParameter): Name = "Publisher"; Value = "Altium Limited"; VariantName = "[No Variations]"
Add component (AddParameter): Name = "Value"; Value = "100"; VariantName = "[No Variations]"
Added Component: Designator=R9(AXIAL-0.4)
Add component. Clean all parameters for all variants
Add component (AddParameter): Name = "LatestRevisionDate"; Value = "17-Jul-2002"; VariantName = "[No Variations]"
Add component (AddParameter): Name = "LatestRevisionNote"; Value = "Re-released for DXP Platform."; VariantName = "[No Variations]"
Add component (AddParameter): Name = "PackageDescription"; Value = "Axial Device, Thru-Hole; 2 Leads; 0.4 in Pin Spacing"; VariantName = "[No Variations]"
Add component (AddParameter): Name = "PackageReference"; Value = "AXIAL-0.4"; VariantName = "[No Variations]"
Add component (AddParameter): Name = "Published"; Value = "8-Jun-2000"; VariantName = "[No Variations]"
Add component (AddParameter): Name = "Publisher"; Value = "Altium Limited"; VariantName = "[No Variations]"
Add component (AddParameter): Name = "Value"; Value = "100"; VariantName = "[No Variations]"
Added Pin To Net: NetName=AOUTG Pin=*-1
Added Pin To Net: NetName=AOUTG Pin=*-2
Added Pin To Net: NetName=VCC Pin=*-3
Added Pin To Net: NetName=AOUTG Pin=*-4
Added Pin To Net: NetName=AOUTG Pin=*-9
Added Pin To Net: NetName=AOUTG Pin=C29-1
Added Pin To Net: NetName=VCC Pin=C29-2
Added Pin To Net: NetName=AOUTG Pin=D1-2
Added Pin To Net: NetName=USART1_TX Pin=IRDA_Jumper-2
Added Pin To Net: NetName=USART2_RX Pin=IRDA_Jumper-5
Added Pin To Net: NetName=USART2_TX Pin=IRDA_Jumper-6
Added Pin To Net: NetName=AOUTG Pin=J_audio-0
Added Pin To Net: NetName=AOUTG Pin=J_audio-0
Added Pin To Net: NetName=AOUTG Pin=J_audio-0
Added Pin To Net: NetName=AOUTG Pin=J_audio-0
Added Pin To Net: NetName=AOUTG Pin=J_audio-0
Added Pin To Net: NetName=AOUTG Pin=J_audio-0
Added Pin To Net: NetName=AOUTG Pin=J_audio-0
Added Pin To Net: NetName=AOUTG Pin=J_audio-0
Added Pin To Net: NetName=AOUTG Pin=J_audio-0
Added Pin To Net: NetName=AOUTG Pin=J_audio-0
Added Pin To Net: NetName=AOUTL Pin=J_audio-0
Added Pin To Net: NetName=AOUTL Pin=J_audio-0
Added Pin To Net: NetName=AOUTL Pin=J_audio-0
Added Pin To Net: NetName=AOUTL Pin=J_audio-0
Added Pin To Net: NetName=AOUTL Pin=J_audio-0
Added Pin To Net: NetName=AOUTL Pin=J_audio-0
Added Pin To Net: NetName=AOUTL Pin=J_audio-0
Added Pin To Net: NetName=AOUTL Pin=J_audio-0
Added Pin To Net: NetName=AOUTL Pin=J_audio-0
Added Pin To Net: NetName=AOUTL Pin=J_audio-0
Added Pin To Net: NetName=AOUTL Pin=J_audio-0
Added Pin To Net: NetName=AOUTL Pin=J_audio-0
Added Pin To Net: NetName=AOUTL Pin=J_audio-0
Added Pin To Net: NetName=AOUTL Pin=J_audio-0
Added Pin To Net: NetName=AOUTL Pin=J_audio-0
Added Pin To Net: NetName=AOUTL Pin=J_audio-0
Added Pin To Net: NetName=AOUTL Pin=J_audio-0
Added Pin To Net: NetName=AOUTL Pin=J_audio-0
Added Pin To Net: NetName=AOUTL Pin=J_audio-0
Added Pin To Net: NetName=AOUTL Pin=J_audio-0
Added Pin To Net: NetName=VCC Pin=R8-2
Added Pin To Net: NetName=IRDA_RXD Pin=*-6
Added Pin To Net: NetName=IRDA_RXD Pin=IRDA_Jumper-3
Added Net: Name=IRDA_RXD
Added Pin To Net: NetName=IRDA_SD Pin=*-5
Added Net: Name=IRDA_SD
Added Pin To Net: NetName=IRDA_SHOT Pin=R9-1
Added Net: Name=IRDA_SHOT
Added Pin To Net: NetName=IRDA_TXD Pin=*-7
Added Pin To Net: NetName=IRDA_TXD Pin=IRDA_Jumper-4
Added Net: Name=IRDA_TXD
Added Pin To Net: NetName=Net*_8 Pin=*-8
Added Pin To Net: NetName=Net*_8 Pin=R8-1
Added Net: Name=Net*_8
Added Pin To Net: NetName=NetD1_1 Pin=D1-1
Added Pin To Net: NetName=NetD1_1 Pin=R9-2
Added Net: Name=NetD1_1
Added Pin To Net: NetName=USRAT2_RX Pin=IRDA_Jumper-1
Added Net: Name=USRAT2_RX
Added Class: Name=irda
Added Member To Class: ClassName=mcuCore Member=Component C1 Cap2
Added Member To Class: ClassName=mcuCore Member=Component C2 Cap
Added Member To Class: ClassName=mcuCore Member=Component C3 Cap
Added Member To Class: ClassName=mcuCore Member=Component C4 Cap
Added Member To Class: ClassName=mcuCore Member=Component C5 Cap
Added Member To Class: ClassName=mcuCore Member=Component C6 Cap2
Added Member To Class: ClassName=mcuCore Member=Component C7 Cap
Added Member To Class: ClassName=mcuCore Member=Component C8 Cap2
Added Member To Class: ClassName=mcuCore Member=Component C9 Cap2
Added Member To Class: ClassName=mcuCore Member=Component R1 Res2
Added Member To Class: ClassName=mcuCore Member=Component R2 Res2
Added Member To Class: ClassName=mcuCore Member=Component R3 Res2
Added Member To Class: ClassName=audio Member=Component R4
Added Room: Name=irda
