Removed Member From Class: ClassName=audio Member=C1
Removed Member From Class: ClassName=audio Member=C2
Removed Member From Class: ClassName=audio Member=C3
Removed Member From Class: ClassName=audio Member=C4
Removed Member From Class: ClassName=audio Member=C5
Removed Member From Class: ClassName=audio Member=C6
Removed Member From Class: ClassName=audio Member=C7
Removed Member From Class: ClassName=audio Member=C8
Removed Member From Class: ClassName=audio Member=C9
Removed Member From Class: ClassName=audio Member=R1
Removed Member From Class: ClassName=audio Member=R2
Removed Member From Class: ClassName=audio Member=R3
Change Component Comment : Designator=R1 Old Comment=Res2 New Comment=R4
Change Component Designator: OldDesignator=AudioOut? NewDesignator=AudioOut
Change Component Designator: OldDesignator=C1 NewDesignator=C20
Change Component Designator: OldDesignator=C2 NewDesignator=C21
Change Component Designator: OldDesignator=C3 NewDesignator=C22
Change Component Designator: OldDesignator=C4 NewDesignator=C23
Change Component Designator: OldDesignator=C5 NewDesignator=C24
Change Component Designator: OldDesignator=C6 NewDesignator=C26
Change Component Designator: OldDesignator=C7 NewDesignator=C25
Change Component Designator: OldDesignator=C8 NewDesignator=C27
Change Component Designator: OldDesignator=C9 NewDesignator=C28
Change Component Designator: OldDesignator=J? NewDesignator=J_audio
Change Component Designator: OldDesignator=JAOUT? NewDesignator=JAOUT
Change Component Designator: OldDesignator=MCU_JA? NewDesignator=MCU_JA
Change Component Designator: OldDesignator=R1 NewDesignator=R4
Change Component Designator: OldDesignator=R2 NewDesignator=R5
Change Component Designator: OldDesignator=R3 NewDesignator=R6
Change Component Designator: OldDesignator=R4 NewDesignator=R7
Change Component Designator: OldDesignator=U? NewDesignator=U2
Added Pin To Net: NetName=MCU_AOUTR Pin=MCU_JA-5
Change Net Name : Old Net Name=NetC1_2 New Net Name=NetC20_2
Change Net Name : Old Net Name=NetC3_1 New Net Name=NetC22_1
Change Net Name : Old Net Name=NetC6_2 New Net Name=NetC26_2
Change Net Name : Old Net Name=NetC7_2 New Net Name=NetC25_2
Added Member To Class: ClassName=audio Member=Component C20 Cap
Added Member To Class: ClassName=audio Member=Component C21 Cap2
Added Member To Class: ClassName=audio Member=Component C22 Cap2
Added Member To Class: ClassName=audio Member=Component C23 Cap
Added Member To Class: ClassName=audio Member=Component C24 Cap2
Added Member To Class: ClassName=audio Member=Component C25 Cap2
Added Member To Class: ClassName=audio Member=Component C26 Cap2
Added Member To Class: ClassName=audio Member=Component C27 Cap
Added Member To Class: ClassName=audio Member=Component C28 Cap
Added Member To Class: ClassName=audio Member=Component R5 Res2
Added Member To Class: ClassName=audio Member=Component R6 Res2
Added Member To Class: ClassName=audio Member=Component R7 Res2
