Removed Member From Class: ClassName=mcuCore Member=C20
Removed Member From Class: ClassName=mcuCore Member=C21
Removed Member From Class: ClassName=mcuCore Member=C22
Removed Member From Class: ClassName=mcuCore Member=C23
Removed Member From Class: ClassName=mcuCore Member=C24
Removed Member From Class: ClassName=mcuCore Member=C25
Removed Member From Class: ClassName=mcuCore Member=C26
Removed Member From Class: ClassName=mcuCore Member=C27
Removed Member From Class: ClassName=mcuCore Member=C28
Removed Member From Class: ClassName=mcuCore Member=R4
Removed Member From Class: ClassName=mcuCore Member=R5
Removed Member From Class: ClassName=mcuCore Member=R6
Added Pin To Net: NetName=AOUTG Pin=J_audio-0
Added Pin To Net: NetName=AOUTG Pin=J_audio-0
Added Pin To Net: NetName=AOUTG Pin=J_audio-0
Added Pin To Net: NetName=AOUTG Pin=J_audio-0
Added Pin To Net: NetName=AOUTG Pin=J_audio-0
Added Pin To Net: NetName=AOUTG Pin=J_audio-0
Added Pin To Net: NetName=AOUTG Pin=J_audio-0
Added Pin To Net: NetName=AOUTG Pin=J_audio-0
Added Pin To Net: NetName=AOUTG Pin=J_audio-0
Added Pin To Net: NetName=AOUTG Pin=J_audio-0
Added Pin To Net: NetName=AOUTL Pin=J_audio-0
Added Pin To Net: NetName=AOUTL Pin=J_audio-0
Added Pin To Net: NetName=AOUTL Pin=J_audio-0
Added Pin To Net: NetName=AOUTL Pin=J_audio-0
Added Pin To Net: NetName=AOUTL Pin=J_audio-0
Added Pin To Net: NetName=AOUTL Pin=J_audio-0
Added Pin To Net: NetName=AOUTL Pin=J_audio-0
Added Pin To Net: NetName=AOUTL Pin=J_audio-0
Added Pin To Net: NetName=AOUTL Pin=J_audio-0
Added Pin To Net: NetName=AOUTL Pin=J_audio-0
Added Pin To Net: NetName=AOUTL Pin=J_audio-0
Added Pin To Net: NetName=AOUTL Pin=J_audio-0
Added Pin To Net: NetName=AOUTL Pin=J_audio-0
Added Pin To Net: NetName=AOUTL Pin=J_audio-0
Added Pin To Net: NetName=AOUTL Pin=J_audio-0
Added Pin To Net: NetName=AOUTL Pin=J_audio-0
Added Pin To Net: NetName=AOUTL Pin=J_audio-0
Added Pin To Net: NetName=AOUTL Pin=J_audio-0
Added Pin To Net: NetName=AOUTL Pin=J_audio-0
Added Pin To Net: NetName=AOUTL Pin=J_audio-0
Added Pin To Net: NetName=AOUTR Pin=J_audio-0
Added Pin To Net: NetName=AOUTR Pin=J_audio-0
Added Pin To Net: NetName=AOUTR Pin=J_audio-0
Added Pin To Net: NetName=AOUTR Pin=J_audio-0
Added Pin To Net: NetName=AOUTR Pin=J_audio-0
Added Pin To Net: NetName=AOUTR Pin=J_audio-0
Added Pin To Net: NetName=AOUTR Pin=J_audio-0
Added Pin To Net: NetName=AOUTR Pin=J_audio-0
Added Pin To Net: NetName=AOUTR Pin=J_audio-0
Added Pin To Net: NetName=AOUTR Pin=J_audio-0
Added Pin To Net: NetName=AOUTR Pin=J_audio-0
Added Pin To Net: NetName=AOUTR Pin=J_audio-0
Added Pin To Net: NetName=AOUTR Pin=J_audio-0
Added Pin To Net: NetName=AOUTR Pin=J_audio-0
Added Pin To Net: NetName=AOUTR Pin=J_audio-0
Added Pin To Net: NetName=AOUTR Pin=J_audio-0
Added Pin To Net: NetName=AOUTR Pin=J_audio-0
Added Pin To Net: NetName=AOUTR Pin=J_audio-0
Added Pin To Net: NetName=AOUTR Pin=J_audio-0
Added Pin To Net: NetName=AOUTR Pin=J_audio-0
Added Member To Class: ClassName=mcuCore Member=Component C1 Cap2
Added Member To Class: ClassName=mcuCore Member=Component C2 Cap
Added Member To Class: ClassName=mcuCore Member=Component C3 Cap
Added Member To Class: ClassName=mcuCore Member=Component C4 Cap
Added Member To Class: ClassName=mcuCore Member=Component C5 Cap
Added Member To Class: ClassName=mcuCore Member=Component C6 Cap2
Added Member To Class: ClassName=mcuCore Member=Component C7 Cap
Added Member To Class: ClassName=mcuCore Member=Component C8 Cap2
Added Member To Class: ClassName=mcuCore Member=Component C9 Cap2
Added Member To Class: ClassName=mcuCore Member=Component R1 Res2
Added Member To Class: ClassName=mcuCore Member=Component R2 Res2
Added Member To Class: ClassName=mcuCore Member=Component R3 Res2
Added Member To Class: ClassName=audio Member=Component R4
