Removed Pin From Net: NetName=AOUTR Pin=AudioOut-3
Removed Pin From Net: NetName=AOUTR Pin=C28-2
Removed Pin From Net: NetName=AOUTL Pin=J_audio-4
Removed Pin From Net: NetName=AOUTL Pin=J_audio-5
Removed Pin From Net: NetName=AOUTR Pin=R7-2
Change Component Designator: OldDesignator=C29 NewDesignator=C31
Change Component Designator: OldDesignator=R9 NewDesignator=R13
Change Component Designator: OldDesignator=R10 NewDesignator=R14
Added Component: Designator=C29(Cap5x10)
Add component. Clean all parameters for all variants
Add component (AddParameter): Name = "PackageDescription"; Value = "Capacitor; 2 Leads"; VariantName = "[No Variations]"
Add component (AddParameter): Name = "PackageReference"; Value = "CAPR5-4X5"; VariantName = "[No Variations]"
Add component (AddParameter): Name = "Published"; Value = "23-Sep-2002"; VariantName = "[No Variations]"
Add component (AddParameter): Name = "Publisher"; Value = "Altium Limited"; VariantName = "[No Variations]"
Add component (AddParameter): Name = "Value"; Value = "10uF"; VariantName = "[No Variations]"
Added Component: Designator=C30(Cap5x10)
Add component. Clean all parameters for all variants
Add component (AddParameter): Name = "PackageDescription"; Value = "Capacitor; 2 Leads"; VariantName = "[No Variations]"
Add component (AddParameter): Name = "PackageReference"; Value = "CAPR5-4X5"; VariantName = "[No Variations]"
Add component (AddParameter): Name = "Published"; Value = "23-Sep-2002"; VariantName = "[No Variations]"
Add component (AddParameter): Name = "Publisher"; Value = "Altium Limited"; VariantName = "[No Variations]"
Add component (AddParameter): Name = "Value"; Value = "10uF"; VariantName = "[No Variations]"
Added Component: Designator=D2(DO-35)
Add component. Clean all parameters for all variants
Add component (AddParameter): Name = "Code_JEDEC"; Value = "DO-204-AH"; VariantName = "[No Variations]"
Add component (AddParameter): Name = "ComponentLink1Description"; Value = "Manufacturer Link"; VariantName = "[No Variations]"
Add component (AddParameter): Name = "ComponentLink1URL"; Value = "http://www.fairchildsemi.com/"; VariantName = "[No Variations]"
Add component (AddParameter): Name = "ComponentLink2Description"; Value = "Datasheet"; VariantName = "[No Variations]"
Add component (AddParameter): Name = "ComponentLink2URL"; Value = "http://www.fairchildsemi.com/ds/1N%2F1N4148.pdf"; VariantName = "[No Variations]"
Add component (AddParameter): Name = "DatasheetVersion"; Value = "1997"; VariantName = "[No Variations]"
Add component (AddParameter): Name = "LatestRevisionDate"; Value = "17-Jul-2002"; VariantName = "[No Variations]"
Add component (AddParameter): Name = "LatestRevisionNote"; Value = "Re-released for DXP Platform."; VariantName = "[No Variations]"
Add component (AddParameter): Name = "PackageDescription"; Value = "Diode, Axial; Body 3.8 x 1.9 mm (LxDia. max), Lead Dia. 0.53 mm (max)"; VariantName = "[No Variations]"
Add component (AddParameter): Name = "PackageReference"; Value = "DO-35"; VariantName = "[No Variations]"
Add component (AddParameter): Name = "Published"; Value = "8-Jun-2000"; VariantName = "[No Variations]"
Add component (AddParameter): Name = "Publisher"; Value = "Altium Limited"; VariantName = "[No Variations]"
Added Component: Designator=D3(DO-35)
Add component. Clean all parameters for all variants
Add component (AddParameter): Name = "Code_JEDEC"; Value = "DO-204-AH"; VariantName = "[No Variations]"
Add component (AddParameter): Name = "ComponentLink1Description"; Value = "Manufacturer Link"; VariantName = "[No Variations]"
Add component (AddParameter): Name = "ComponentLink1URL"; Value = "http://www.fairchildsemi.com/"; VariantName = "[No Variations]"
Add component (AddParameter): Name = "ComponentLink2Description"; Value = "Datasheet"; VariantName = "[No Variations]"
Add component (AddParameter): Name = "ComponentLink2URL"; Value = "http://www.fairchildsemi.com/ds/1N%2F1N4148.pdf"; VariantName = "[No Variations]"
Add component (AddParameter): Name = "DatasheetVersion"; Value = "1997"; VariantName = "[No Variations]"
Add component (AddParameter): Name = "LatestRevisionDate"; Value = "17-Jul-2002"; VariantName = "[No Variations]"
Add component (AddParameter): Name = "LatestRevisionNote"; Value = "Re-released for DXP Platform."; VariantName = "[No Variations]"
Add component (AddParameter): Name = "PackageDescription"; Value = "Diode, Axial; Body 3.8 x 1.9 mm (LxDia. max), Lead Dia. 0.53 mm (max)"; VariantName = "[No Variations]"
Add component (AddParameter): Name = "PackageReference"; Value = "DO-35"; VariantName = "[No Variations]"
Add component (AddParameter): Name = "Published"; Value = "8-Jun-2000"; VariantName = "[No Variations]"
Add component (AddParameter): Name = "Publisher"; Value = "Altium Limited"; VariantName = "[No Variations]"
Added Component: Designator=D4(3.2X1.6X1.1)
Add component. Clean all parameters for all variants
Add component (AddParameter): Name = "Code_JEDEC"; Value = "DO-204-AH"; VariantName = "[No Variations]"
Add component (AddParameter): Name = "ComponentLink1Description"; Value = "Manufacturer Link"; VariantName = "[No Variations]"
Add component (AddParameter): Name = "ComponentLink1URL"; Value = "http://www.fairchildsemi.com/"; VariantName = "[No Variations]"
Add component (AddParameter): Name = "ComponentLink2Description"; Value = "Datasheet"; VariantName = "[No Variations]"
Add component (AddParameter): Name = "ComponentLink2URL"; Value = "http://www.fairchildsemi.com/ds/1N%2F1N4148.pdf"; VariantName = "[No Variations]"
Add component (AddParameter): Name = "DatasheetVersion"; Value = "1997"; VariantName = "[No Variations]"
Add component (AddParameter): Name = "LatestRevisionDate"; Value = "17-Jul-2002"; VariantName = "[No Variations]"
Add component (AddParameter): Name = "LatestRevisionNote"; Value = "Re-released for DXP Platform."; VariantName = "[No Variations]"
Add component (AddParameter): Name = "PackageDescription"; Value = "Diode, Axial; Body 3.8 x 1.9 mm (LxDia. max), Lead Dia. 0.53 mm (max)"; VariantName = "[No Variations]"
Add component (AddParameter): Name = "PackageReference"; Value = "DO-35"; VariantName = "[No Variations]"
Add component (AddParameter): Name = "Published"; Value = "8-Jun-2000"; VariantName = "[No Variations]"
Add component (AddParameter): Name = "Publisher"; Value = "Altium Limited"; VariantName = "[No Variations]"
Added Component: Designator=D5(Cap8*14)
Add component. Clean all parameters for all variants
Add component (AddParameter): Name = "LatestRevisionDate"; Value = "08-Jul-2005"; VariantName = "[No Variations]"
Add component (AddParameter): Name = "LatestRevisionNote"; Value = "Mech Layer 1 removed."; VariantName = "[No Variations]"
Add component (AddParameter): Name = "PackageDescription"; Value = "LED; 2 Leads"; VariantName = "[No Variations]"
Add component (AddParameter): Name = "PackageReference"; Value = "LED-1"; VariantName = "[No Variations]"
Add component (AddParameter): Name = "Published"; Value = "8-Jun-2000"; VariantName = "[No Variations]"
Add component (AddParameter): Name = "Publisher"; Value = "Altium Limited"; VariantName = "[No Variations]"
Added Component: Designator=D6(Cap8*14)
Add component. Clean all parameters for all variants
Add component (AddParameter): Name = "LatestRevisionDate"; Value = "08-Jul-2005"; VariantName = "[No Variations]"
Add component (AddParameter): Name = "LatestRevisionNote"; Value = "Mech Layer 1 removed."; VariantName = "[No Variations]"
Add component (AddParameter): Name = "PackageDescription"; Value = "LED; 2 Leads"; VariantName = "[No Variations]"
Add component (AddParameter): Name = "PackageReference"; Value = "LED-1"; VariantName = "[No Variations]"
Add component (AddParameter): Name = "Published"; Value = "8-Jun-2000"; VariantName = "[No Variations]"
Add component (AddParameter): Name = "Publisher"; Value = "Altium Limited"; VariantName = "[No Variations]"
Added Component: Designator=JADC(HDR2X3)
Add component. Clean all parameters for all variants
Add component (AddParameter): Name = "LatestRevisionDate"; Value = "17-Jul-2002"; VariantName = "[No Variations]"
Add component (AddParameter): Name = "LatestRevisionNote"; Value = "Re-released for DXP Platform."; VariantName = "[No Variations]"
Add component (AddParameter): Name = "Publisher"; Value = "Altium Limited"; VariantName = "[No Variations]"
Added Component: Designator=JAJACK(HDR2X3)
Add component. Clean all parameters for all variants
Add component (AddParameter): Name = "LatestRevisionDate"; Value = "17-Jul-2002"; VariantName = "[No Variations]"
Add component (AddParameter): Name = "LatestRevisionNote"; Value = "Re-released for DXP Platform."; VariantName = "[No Variations]"
Add component (AddParameter): Name = "Publisher"; Value = "Altium Limited"; VariantName = "[No Variations]"
Added Component: Designator=JUSB_DM(J1-0603)
Add component. Clean all parameters for all variants
Add component (AddParameter): Name = "LatestRevisionDate"; Value = "29-May-2009"; VariantName = "[No Variations]"
Add component (AddParameter): Name = "LatestRevisionNote"; Value = "IPC-7351 Footprint Added."; VariantName = "[No Variations]"
Add component (AddParameter): Name = "PackageDescription"; Value = "Chip Resistor"; VariantName = "[No Variations]"
Add component (AddParameter): Name = "PackageReference"; Value = "J1-0603"; VariantName = "[No Variations]"
Add component (AddParameter): Name = "Published"; Value = "8-Jun-2000"; VariantName = "[No Variations]"
Add component (AddParameter): Name = "Publisher"; Value = "Altium Limited"; VariantName = "[No Variations]"
Add component (AddParameter): Name = "Value"; Value = "0"; VariantName = "[No Variations]"
Added Component: Designator=JUSB_DP(J1-0603)
Add component. Clean all parameters for all variants
Add component (AddParameter): Name = "LatestRevisionDate"; Value = "29-May-2009"; VariantName = "[No Variations]"
Add component (AddParameter): Name = "LatestRevisionNote"; Value = "IPC-7351 Footprint Added."; VariantName = "[No Variations]"
Add component (AddParameter): Name = "PackageDescription"; Value = "Chip Resistor"; VariantName = "[No Variations]"
Add component (AddParameter): Name = "PackageReference"; Value = "J1-0603"; VariantName = "[No Variations]"
Add component (AddParameter): Name = "Published"; Value = "8-Jun-2000"; VariantName = "[No Variations]"
Add component (AddParameter): Name = "Publisher"; Value = "Altium Limited"; VariantName = "[No Variations]"
Add component (AddParameter): Name = "Value"; Value = "0"; VariantName = "[No Variations]"
Added Component: Designator=JUSB_GND(J1-0603)
Add component. Clean all parameters for all variants
Add component (AddParameter): Name = "LatestRevisionDate"; Value = "29-May-2009"; VariantName = "[No Variations]"
Add component (AddParameter): Name = "LatestRevisionNote"; Value = "IPC-7351 Footprint Added."; VariantName = "[No Variations]"
Add component (AddParameter): Name = "PackageDescription"; Value = "Chip Resistor"; VariantName = "[No Variations]"
Add component (AddParameter): Name = "PackageReference"; Value = "J1-0603"; VariantName = "[No Variations]"
Add component (AddParameter): Name = "Published"; Value = "8-Jun-2000"; VariantName = "[No Variations]"
Add component (AddParameter): Name = "Publisher"; Value = "Altium Limited"; VariantName = "[No Variations]"
Add component (AddParameter): Name = "Value"; Value = "1K"; VariantName = "[No Variations]"
Added Component: Designator=JUSB_OTG(J1-0603)
Add component. Clean all parameters for all variants
Add component (AddParameter): Name = "LatestRevisionDate"; Value = "29-May-2009"; VariantName = "[No Variations]"
Add component (AddParameter): Name = "LatestRevisionNote"; Value = "IPC-7351 Footprint Added."; VariantName = "[No Variations]"
Add component (AddParameter): Name = "PackageDescription"; Value = "Chip Resistor"; VariantName = "[No Variations]"
Add component (AddParameter): Name = "PackageReference"; Value = "J1-0603"; VariantName = "[No Variations]"
Add component (AddParameter): Name = "Published"; Value = "8-Jun-2000"; VariantName = "[No Variations]"
Add component (AddParameter): Name = "Publisher"; Value = "Altium Limited"; VariantName = "[No Variations]"
Add component (AddParameter): Name = "Value"; Value = "0"; VariantName = "[No Variations]"
Added Component: Designator=JUSB_V5(J1-0603)
Add component. Clean all parameters for all variants
Add component (AddParameter): Name = "LatestRevisionDate"; Value = "29-May-2009"; VariantName = "[No Variations]"
Add component (AddParameter): Name = "LatestRevisionNote"; Value = "IPC-7351 Footprint Added."; VariantName = "[No Variations]"
Add component (AddParameter): Name = "PackageDescription"; Value = "Chip Resistor"; VariantName = "[No Variations]"
Add component (AddParameter): Name = "PackageReference"; Value = "J1-0603"; VariantName = "[No Variations]"
Add component (AddParameter): Name = "Published"; Value = "8-Jun-2000"; VariantName = "[No Variations]"
Add component (AddParameter): Name = "Publisher"; Value = "Altium Limited"; VariantName = "[No Variations]"
Add component (AddParameter): Name = "Value"; Value = "1K"; VariantName = "[No Variations]"
Added Component: Designator=PWRJ5(HDR1X3)
Add component. Clean all parameters for all variants
Add component (AddParameter): Name = "LatestRevisionDate"; Value = "17-Jul-2002"; VariantName = "[No Variations]"
Add component (AddParameter): Name = "LatestRevisionNote"; Value = "Re-released for DXP Platform."; VariantName = "[No Variations]"
Add component (AddParameter): Name = "Publisher"; Value = "Altium Limited"; VariantName = "[No Variations]"
Added Component: Designator=R8(J1-0603)
Add component. Clean all parameters for all variants
Add component (AddParameter): Name = "LatestRevisionDate"; Value = "17-Jul-2002"; VariantName = "[No Variations]"
Add component (AddParameter): Name = "LatestRevisionNote"; Value = "Re-released for DXP Platform."; VariantName = "[No Variations]"
Add component (AddParameter): Name = "PackageDescription"; Value = "Axial Device, Thru-Hole; 2 Leads; 0.4 in Pin Spacing"; VariantName = "[No Variations]"
Add component (AddParameter): Name = "PackageReference"; Value = "AXIAL-0.4"; VariantName = "[No Variations]"
Add component (AddParameter): Name = "Published"; Value = "8-Jun-2000"; VariantName = "[No Variations]"
Add component (AddParameter): Name = "Publisher"; Value = "Altium Limited"; VariantName = "[No Variations]"
Add component (AddParameter): Name = "Value"; Value = "10K"; VariantName = "[No Variations]"
Added Component: Designator=R9(J1-0603)
Add component. Clean all parameters for all variants
Add component (AddParameter): Name = "LatestRevisionDate"; Value = "17-Jul-2002"; VariantName = "[No Variations]"
Add component (AddParameter): Name = "LatestRevisionNote"; Value = "Re-released for DXP Platform."; VariantName = "[No Variations]"
Add component (AddParameter): Name = "PackageDescription"; Value = "Axial Device, Thru-Hole; 2 Leads; 0.4 in Pin Spacing"; VariantName = "[No Variations]"
Add component (AddParameter): Name = "PackageReference"; Value = "AXIAL-0.4"; VariantName = "[No Variations]"
Add component (AddParameter): Name = "Published"; Value = "8-Jun-2000"; VariantName = "[No Variations]"
Add component (AddParameter): Name = "Publisher"; Value = "Altium Limited"; VariantName = "[No Variations]"
Add component (AddParameter): Name = "Value"; Value = "10K"; VariantName = "[No Variations]"
Added Component: Designator=R10(J1-0603)
Add component. Clean all parameters for all variants
Add component (AddParameter): Name = "LatestRevisionDate"; Value = "17-Jul-2002"; VariantName = "[No Variations]"
Add component (AddParameter): Name = "LatestRevisionNote"; Value = "Re-released for DXP Platform."; VariantName = "[No Variations]"
Add component (AddParameter): Name = "PackageDescription"; Value = "Axial Device, Thru-Hole; 2 Leads; 0.4 in Pin Spacing"; VariantName = "[No Variations]"
Add component (AddParameter): Name = "PackageReference"; Value = "AXIAL-0.4"; VariantName = "[No Variations]"
Add component (AddParameter): Name = "Published"; Value = "8-Jun-2000"; VariantName = "[No Variations]"
Add component (AddParameter): Name = "Publisher"; Value = "Altium Limited"; VariantName = "[No Variations]"
Add component (AddParameter): Name = "Value"; Value = "10K"; VariantName = "[No Variations]"
Added Component: Designator=R11(J1-0603)
Add component. Clean all parameters for all variants
Add component (AddParameter): Name = "LatestRevisionDate"; Value = "17-Jul-2002"; VariantName = "[No Variations]"
Add component (AddParameter): Name = "LatestRevisionNote"; Value = "Re-released for DXP Platform."; VariantName = "[No Variations]"
Add component (AddParameter): Name = "PackageDescription"; Value = "Axial Device, Thru-Hole; 2 Leads; 0.4 in Pin Spacing"; VariantName = "[No Variations]"
Add component (AddParameter): Name = "PackageReference"; Value = "AXIAL-0.4"; VariantName = "[No Variations]"
Add component (AddParameter): Name = "Published"; Value = "8-Jun-2000"; VariantName = "[No Variations]"
Add component (AddParameter): Name = "Publisher"; Value = "Altium Limited"; VariantName = "[No Variations]"
Add component (AddParameter): Name = "Value"; Value = "10K"; VariantName = "[No Variations]"
Added Component: Designator=R12(J1-0603)
Add component. Clean all parameters for all variants
Add component (AddParameter): Name = "LatestRevisionDate"; Value = "29-May-2009"; VariantName = "[No Variations]"
Add component (AddParameter): Name = "LatestRevisionNote"; Value = "IPC-7351 Footprint Added."; VariantName = "[No Variations]"
Add component (AddParameter): Name = "PackageDescription"; Value = "Chip Resistor"; VariantName = "[No Variations]"
Add component (AddParameter): Name = "PackageReference"; Value = "J1-0603"; VariantName = "[No Variations]"
Add component (AddParameter): Name = "Published"; Value = "8-Jun-2000"; VariantName = "[No Variations]"
Add component (AddParameter): Name = "Publisher"; Value = "Altium Limited"; VariantName = "[No Variations]"
Add component (AddParameter): Name = "Value"; Value = "100"; VariantName = "[No Variations]"
Added Component: Designator=R13A(J1-0603)
Add component. Clean all parameters for all variants
Add component (AddParameter): Name = "LatestRevisionDate"; Value = "29-May-2009"; VariantName = "[No Variations]"
Add component (AddParameter): Name = "LatestRevisionNote"; Value = "IPC-7351 Footprint Added."; VariantName = "[No Variations]"
Add component (AddParameter): Name = "PackageDescription"; Value = "Chip Resistor"; VariantName = "[No Variations]"
Add component (AddParameter): Name = "PackageReference"; Value = "J1-0603"; VariantName = "[No Variations]"
Add component (AddParameter): Name = "Published"; Value = "8-Jun-2000"; VariantName = "[No Variations]"
Add component (AddParameter): Name = "Publisher"; Value = "Altium Limited"; VariantName = "[No Variations]"
Add component (AddParameter): Name = "Value"; Value = "1K"; VariantName = "[No Variations]"
Added Component: Designator=R13B(J1-0603)
Add component. Clean all parameters for all variants
Add component (AddParameter): Name = "LatestRevisionDate"; Value = "29-May-2009"; VariantName = "[No Variations]"
Add component (AddParameter): Name = "LatestRevisionNote"; Value = "IPC-7351 Footprint Added."; VariantName = "[No Variations]"
Add component (AddParameter): Name = "PackageDescription"; Value = "Chip Resistor"; VariantName = "[No Variations]"
Add component (AddParameter): Name = "PackageReference"; Value = "J1-0603"; VariantName = "[No Variations]"
Add component (AddParameter): Name = "Published"; Value = "8-Jun-2000"; VariantName = "[No Variations]"
Add component (AddParameter): Name = "Publisher"; Value = "Altium Limited"; VariantName = "[No Variations]"
Add component (AddParameter): Name = "Value"; Value = "1K"; VariantName = "[No Variations]"
Added Component: Designator=USB(HDR1X5)
Add component. Clean all parameters for all variants
Add component (AddParameter): Name = "LatestRevisionDate"; Value = "17-Jul-2002"; VariantName = "[No Variations]"
Add component (AddParameter): Name = "LatestRevisionNote"; Value = "Re-released for DXP Platform."; VariantName = "[No Variations]"
Add component (AddParameter): Name = "Publisher"; Value = "Altium Limited"; VariantName = "[No Variations]"
Added Pin To Net: NetName=AOUTG Pin=D2-1
Added Pin To Net: NetName=VCC Pin=D2-2
Added Pin To Net: NetName=VCC Pin=D3-1
Added Pin To Net: NetName=+12 Pin=D3-2
Added Pin To Net: NetName=AOUTG Pin=D5-2
Added Pin To Net: NetName=AOUTG Pin=D6-2
Added Pin To Net: NetName=AOUTG Pin=J_audio-0
Added Pin To Net: NetName=AOUTG Pin=J_audio-0
Added Pin To Net: NetName=AOUTG Pin=J_audio-0
Added Pin To Net: NetName=AOUTG Pin=J_audio-0
Added Pin To Net: NetName=AOUTG Pin=J_audio-0
Added Pin To Net: NetName=AOUTG Pin=J_audio-0
Added Pin To Net: NetName=AOUTG Pin=J_audio-0
Added Pin To Net: NetName=AOUTG Pin=J_audio-0
Added Pin To Net: NetName=AOUTG Pin=J_audio-0
Added Pin To Net: NetName=AOUTG Pin=J_audio-0
Added Pin To Net: NetName=AOUTL Pin=JAJACK-2
Added Pin To Net: NetName=AOUTR Pin=JAJACK-3
Added Pin To Net: NetName=PA11 Pin=JUSB_DM-1
Added Pin To Net: NetName=PA12 Pin=JUSB_DP-1
Added Pin To Net: NetName=AOUTG Pin=JUSB_GND-1
Added Pin To Net: NetName=AOUTG Pin=JUSB_GND-2
Added Pin To Net: NetName=PA10 Pin=JUSB_OTG-1
Added Pin To Net: NetName=+12 Pin=PWRJ5-2
Added Pin To Net: NetName=VCC Pin=R8-1
Added Pin To Net: NetName=AOUTG Pin=R9-2
Added Pin To Net: NetName=VCC Pin=R10-1
Added Pin To Net: NetName=AOUTG Pin=R11-2
Added Pin To Net: NetName=VCC Pin=R12-1
Added Pin To Net: NetName=+12 Pin=R13A-1
Added Pin To Net: NetName=+12 Pin=R13B-1
Added Pin To Net: NetName=AOUTG Pin=USB-5
Change Net Name : Old Net Name=AOUTG New Net Name=GND
Change Net Name : Old Net Name=AOUTR New Net Name=NetJ_audio_2
Added Pin To Net: NetName=+5 Pin=JUSB_V5-1
Added Pin To Net: NetName=+5 Pin=PWRJ5-1
Added Net: Name=+5
Added Pin To Net: NetName=AIN1_ADC Pin=GPIO1-13
Added Pin To Net: NetName=AIN1_ADC Pin=JADC-3
Added Pin To Net: NetName=AIN1_ADC Pin=U1-14
Added Net: Name=AIN1_ADC
Added Pin To Net: NetName=AIN1_BIAS Pin=C29-1
Added Pin To Net: NetName=AIN1_BIAS Pin=JADC-1
Added Pin To Net: NetName=AIN1_BIAS Pin=R8-2
Added Pin To Net: NetName=AIN1_BIAS Pin=R9-1
Added Net: Name=AIN1_BIAS
Added Pin To Net: NetName=AIN1 Pin=C29-2
Added Pin To Net: NetName=AIN1 Pin=JADC-5
Added Pin To Net: NetName=AIN1 Pin=JAJACK-5
Added Net: Name=AIN1
Added Pin To Net: NetName=AIN2_ADC Pin=GPIO1-12
Added Pin To Net: NetName=AIN2_ADC Pin=JADC-4
Added Pin To Net: NetName=AIN2_ADC Pin=U1-15
Added Net: Name=AIN2_ADC
Added Pin To Net: NetName=AIN2_BIAS Pin=C30-1
Added Pin To Net: NetName=AIN2_BIAS Pin=JADC-2
Added Pin To Net: NetName=AIN2_BIAS Pin=R10-2
Added Pin To Net: NetName=AIN2_BIAS Pin=R11-1
Added Net: Name=AIN2_BIAS
Added Pin To Net: NetName=AIN2 Pin=C30-2
Added Pin To Net: NetName=AIN2 Pin=JADC-6
Added Pin To Net: NetName=AIN2 Pin=JAJACK-6
Added Net: Name=AIN2
Added Pin To Net: NetName=AOUTR Pin=AudioOut-3
Added Pin To Net: NetName=AOUTR Pin=C28-2
Added Pin To Net: NetName=AOUTR Pin=JAJACK-1
Added Pin To Net: NetName=AOUTR Pin=R7-2
Added Net: Name=AOUTR
Added Pin To Net: NetName=NetD4_1 Pin=D4-1
Added Pin To Net: NetName=NetD4_1 Pin=USB-1
Added Net: Name=NetD4_1
Added Pin To Net: NetName=NetD4_2 Pin=D4-2
Added Pin To Net: NetName=NetD4_2 Pin=JUSB_V5-2
Added Net: Name=NetD4_2
Added Pin To Net: NetName=NetD5_1 Pin=D5-1
Added Pin To Net: NetName=NetD5_1 Pin=R12-2
Added Net: Name=NetD5_1
Added Pin To Net: NetName=NetD6_1 Pin=D6-1
Added Pin To Net: NetName=NetD6_1 Pin=R13A-2
Added Pin To Net: NetName=NetD6_1 Pin=R13B-2
Added Net: Name=NetD6_1
Added Pin To Net: NetName=NetJ_audio_3 Pin=J_audio-5
Added Pin To Net: NetName=NetJ_audio_3 Pin=J_audio-0
Added Pin To Net: NetName=NetJ_audio_3 Pin=J_audio-0
Added Pin To Net: NetName=NetJ_audio_3 Pin=J_audio-0
Added Pin To Net: NetName=NetJ_audio_3 Pin=J_audio-0
Added Pin To Net: NetName=NetJ_audio_3 Pin=J_audio-0
Added Pin To Net: NetName=NetJ_audio_3 Pin=J_audio-0
Added Pin To Net: NetName=NetJ_audio_3 Pin=J_audio-0
Added Pin To Net: NetName=NetJ_audio_3 Pin=J_audio-0
Added Pin To Net: NetName=NetJ_audio_3 Pin=J_audio-0
Added Pin To Net: NetName=NetJ_audio_3 Pin=J_audio-0
Added Pin To Net: NetName=NetJ_audio_3 Pin=J_audio-4
Added Pin To Net: NetName=NetJ_audio_3 Pin=J_audio-0
Added Pin To Net: NetName=NetJ_audio_3 Pin=J_audio-0
Added Pin To Net: NetName=NetJ_audio_3 Pin=J_audio-0
Added Pin To Net: NetName=NetJ_audio_3 Pin=J_audio-0
Added Pin To Net: NetName=NetJ_audio_3 Pin=J_audio-0
Added Pin To Net: NetName=NetJ_audio_3 Pin=J_audio-0
Added Pin To Net: NetName=NetJ_audio_3 Pin=J_audio-0
Added Pin To Net: NetName=NetJ_audio_3 Pin=J_audio-0
Added Pin To Net: NetName=NetJ_audio_3 Pin=J_audio-0
Added Pin To Net: NetName=NetJ_audio_3 Pin=J_audio-0
Added Pin To Net: NetName=NetJ_audio_3 Pin=JAJACK-4
Added Net: Name=NetJ_audio_3
Added Pin To Net: NetName=NetJUSB_DM_2 Pin=JUSB_DM-2
Added Pin To Net: NetName=NetJUSB_DM_2 Pin=USB-2
Added Net: Name=NetJUSB_DM_2
Added Pin To Net: NetName=NetJUSB_DP_2 Pin=JUSB_DP-2
Added Pin To Net: NetName=NetJUSB_DP_2 Pin=USB-3
Added Net: Name=NetJUSB_DP_2
Added Pin To Net: NetName=NetJUSB_OTG_2 Pin=JUSB_OTG-2
Added Pin To Net: NetName=NetJUSB_OTG_2 Pin=USB-4
Added Net: Name=NetJUSB_OTG_2
Added Member To Class: ClassName=audio Member=Component C29 Cap2
Added Member To Class: ClassName=audio Member=Component C30 Cap2
Added Member To Class: ClassName=power Member=Component D2 Diode 1N4148
Added Member To Class: ClassName=power Member=Component D3 Diode 1N4148
Added Member To Class: ClassName=mcuCore Member=Component D4 1N5819
Added Member To Class: ClassName=power Member=Component D5 LED1
Added Member To Class: ClassName=power Member=Component D6 LED1
Added Member To Class: ClassName=audio Member=Component JADC Header 3X2
Added Member To Class: ClassName=audio Member=Component JAJACK Header 3X2
Added Member To Class: ClassName=mcuCore Member=Component JUSB_DM Res3
Added Member To Class: ClassName=mcuCore Member=Component JUSB_DP Res3
Added Member To Class: ClassName=mcuCore Member=Component JUSB_GND Res3
Added Member To Class: ClassName=mcuCore Member=Component JUSB_OTG Res3
Added Member To Class: ClassName=mcuCore Member=Component JUSB_V5 Res3
Added Member To Class: ClassName=power Member=Component PWRJ5 Header 3
Added Member To Class: ClassName=audio Member=Component R8 Res2
Added Member To Class: ClassName=audio Member=Component R9 Res2
Added Member To Class: ClassName=audio Member=Component R10 Res2
Added Member To Class: ClassName=audio Member=Component R11 Res2
Added Member To Class: ClassName=power Member=Component R12 Res3
Added Member To Class: ClassName=power Member=Component R13A Res3
Added Member To Class: ClassName=power Member=Component R13B Res3
Added Member To Class: ClassName=mcuCore Member=Component USB Header 5
Added Room: Name=audio
Added Room: Name=GPIO
Added Room: Name=irda
Added Room: Name=mcuCore
