Added Component: Designator=C10(Cap8*14)
Add component. Clean all parameters for all variants
Add component (AddParameter): Name = "LatestRevisionDate"; Value = "17-Jul-2002"; VariantName = "[No Variations]"
Add component (AddParameter): Name = "LatestRevisionNote"; Value = "Re-released for DXP Platform."; VariantName = "[No Variations]"
Add component (AddParameter): Name = "PackageDescription"; Value = "Polarized Capacitor (Radial); 2 Leads"; VariantName = "[No Variations]"
Add component (AddParameter): Name = "PackageReference"; Value = "RB7.6-15"; VariantName = "[No Variations]"
Add component (AddParameter): Name = "Published"; Value = "8-Jun-2000"; VariantName = "[No Variations]"
Add component (AddParameter): Name = "Publisher"; Value = "Altium Limited"; VariantName = "[No Variations]"
Add component (AddParameter): Name = "Value"; Value = "470uF"; VariantName = "[No Variations]"
Added Component: Designator=C11(1608[0603])
Add component. Clean all parameters for all variants
Add component (AddParameter): Name = "LatestRevisionDate"; Value = "17-Jul-2002"; VariantName = "[No Variations]"
Add component (AddParameter): Name = "LatestRevisionNote"; Value = "Re-released for DXP Platform."; VariantName = "[No Variations]"
Add component (AddParameter): Name = "PackageDescription"; Value = "Radial Cap, Thru-Hole; 2 Leads; 0.3 in Pin Spacing"; VariantName = "[No Variations]"
Add component (AddParameter): Name = "PackageReference"; Value = "RAD-0.3"; VariantName = "[No Variations]"
Add component (AddParameter): Name = "Published"; Value = "8-Jun-2000"; VariantName = "[No Variations]"
Add component (AddParameter): Name = "Publisher"; Value = "Altium Limited"; VariantName = "[No Variations]"
Add component (AddParameter): Name = "Value"; Value = "100nF"; VariantName = "[No Variations]"
Added Component: Designator=C12(1608[0603])
Add component. Clean all parameters for all variants
Add component (AddParameter): Name = "LatestRevisionDate"; Value = "17-Jul-2002"; VariantName = "[No Variations]"
Add component (AddParameter): Name = "LatestRevisionNote"; Value = "Re-released for DXP Platform."; VariantName = "[No Variations]"
Add component (AddParameter): Name = "PackageDescription"; Value = "Radial Cap, Thru-Hole; 2 Leads; 0.3 in Pin Spacing"; VariantName = "[No Variations]"
Add component (AddParameter): Name = "PackageReference"; Value = "RAD-0.3"; VariantName = "[No Variations]"
Add component (AddParameter): Name = "Published"; Value = "8-Jun-2000"; VariantName = "[No Variations]"
Add component (AddParameter): Name = "Publisher"; Value = "Altium Limited"; VariantName = "[No Variations]"
Add component (AddParameter): Name = "Value"; Value = "100nF"; VariantName = "[No Variations]"
Added Component: Designator=C13(Cap8*14)
Add component. Clean all parameters for all variants
Add component (AddParameter): Name = "LatestRevisionDate"; Value = "17-Jul-2002"; VariantName = "[No Variations]"
Add component (AddParameter): Name = "LatestRevisionNote"; Value = "Re-released for DXP Platform."; VariantName = "[No Variations]"
Add component (AddParameter): Name = "PackageDescription"; Value = "Polarized Capacitor (Radial); 2 Leads"; VariantName = "[No Variations]"
Add component (AddParameter): Name = "PackageReference"; Value = "RB7.6-15"; VariantName = "[No Variations]"
Add component (AddParameter): Name = "Published"; Value = "8-Jun-2000"; VariantName = "[No Variations]"
Add component (AddParameter): Name = "Publisher"; Value = "Altium Limited"; VariantName = "[No Variations]"
Add component (AddParameter): Name = "Value"; Value = "470uF"; VariantName = "[No Variations]"
Added Component: Designator=C29(RAD-0.2)
Add component. Clean all parameters for all variants
Add component (AddParameter): Name = "LatestRevisionDate"; Value = "17-Jul-2002"; VariantName = "[No Variations]"
Add component (AddParameter): Name = "LatestRevisionNote"; Value = "Re-released for DXP Platform."; VariantName = "[No Variations]"
Add component (AddParameter): Name = "PackageDescription"; Value = "Radial Cap, Thru-Hole; 2 Leads; 0.3 in Pin Spacing"; VariantName = "[No Variations]"
Add component (AddParameter): Name = "PackageReference"; Value = "RAD-0.3"; VariantName = "[No Variations]"
Add component (AddParameter): Name = "Published"; Value = "8-Jun-2000"; VariantName = "[No Variations]"
Add component (AddParameter): Name = "Publisher"; Value = "Altium Limited"; VariantName = "[No Variations]"
Add component (AddParameter): Name = "Value"; Value = "100nF"; VariantName = "[No Variations]"
Added Component: Designator=D1(LED-0)
Add component. Clean all parameters for all variants
Add component (AddParameter): Name = "LatestRevisionDate"; Value = "08-Jul-2005"; VariantName = "[No Variations]"
Add component (AddParameter): Name = "LatestRevisionNote"; Value = "Mech Layer 1 removed."; VariantName = "[No Variations]"
Add component (AddParameter): Name = "PackageDescription"; Value = "LED; 2 Leads"; VariantName = "[No Variations]"
Add component (AddParameter): Name = "PackageReference"; Value = "LED-0"; VariantName = "[No Variations]"
Add component (AddParameter): Name = "Published"; Value = "8-Jun-2000"; VariantName = "[No Variations]"
Add component (AddParameter): Name = "Publisher"; Value = "Altium Limited"; VariantName = "[No Variations]"
Added Component: Designator=GPIO0(HDR1X16)
Add component. Clean all parameters for all variants
Add component (AddParameter): Name = "LatestRevisionDate"; Value = "17-Jul-2002"; VariantName = "[No Variations]"
Add component (AddParameter): Name = "LatestRevisionNote"; Value = "Re-released for DXP Platform."; VariantName = "[No Variations]"
Add component (AddParameter): Name = "Publisher"; Value = "Altium Limited"; VariantName = "[No Variations]"
Added Component: Designator=GPIO1(HDR1X16)
Add component. Clean all parameters for all variants
Add component (AddParameter): Name = "LatestRevisionDate"; Value = "17-Jul-2002"; VariantName = "[No Variations]"
Add component (AddParameter): Name = "LatestRevisionNote"; Value = "Re-released for DXP Platform."; VariantName = "[No Variations]"
Add component (AddParameter): Name = "Publisher"; Value = "Altium Limited"; VariantName = "[No Variations]"
Added Component: Designator=GPIO2(HDR1X16)
Add component. Clean all parameters for all variants
Add component (AddParameter): Name = "LatestRevisionDate"; Value = "17-Jul-2002"; VariantName = "[No Variations]"
Add component (AddParameter): Name = "LatestRevisionNote"; Value = "Re-released for DXP Platform."; VariantName = "[No Variations]"
Add component (AddParameter): Name = "Publisher"; Value = "Altium Limited"; VariantName = "[No Variations]"
Added Component: Designator=IRDA_Jumper(HDR2X3)
Add component. Clean all parameters for all variants
Add component (AddParameter): Name = "LatestRevisionDate"; Value = "17-Jul-2002"; VariantName = "[No Variations]"
Add component (AddParameter): Name = "LatestRevisionNote"; Value = "Re-released for DXP Platform."; VariantName = "[No Variations]"
Add component (AddParameter): Name = "Publisher"; Value = "Altium Limited"; VariantName = "[No Variations]"
Added Component: Designator=IRDA_Sta_J(HDR2X3)
Add component. Clean all parameters for all variants
Add component (AddParameter): Name = "LatestRevisionDate"; Value = "17-Jul-2002"; VariantName = "[No Variations]"
Add component (AddParameter): Name = "LatestRevisionNote"; Value = "Re-released for DXP Platform."; VariantName = "[No Variations]"
Add component (AddParameter): Name = "Publisher"; Value = "Altium Limited"; VariantName = "[No Variations]"
Added Component: Designator=IRDA(HSDL3201)
Add component. Clean all parameters for all variants
Added Component: Designator=J_VR1_IN(J1-0603)
Add component. Clean all parameters for all variants
Add component (AddParameter): Name = "LatestRevisionDate"; Value = "29-May-2009"; VariantName = "[No Variations]"
Add component (AddParameter): Name = "LatestRevisionNote"; Value = "IPC-7351 Footprint Added."; VariantName = "[No Variations]"
Add component (AddParameter): Name = "PackageDescription"; Value = "Chip Resistor"; VariantName = "[No Variations]"
Add component (AddParameter): Name = "PackageReference"; Value = "J1-0603"; VariantName = "[No Variations]"
Add component (AddParameter): Name = "Published"; Value = "8-Jun-2000"; VariantName = "[No Variations]"
Add component (AddParameter): Name = "Publisher"; Value = "Altium Limited"; VariantName = "[No Variations]"
Add component (AddParameter): Name = "Value"; Value = "0"; VariantName = "[No Variations]"
Added Component: Designator=J_VR1_OUT(J1-0603)
Add component. Clean all parameters for all variants
Add component (AddParameter): Name = "LatestRevisionDate"; Value = "29-May-2009"; VariantName = "[No Variations]"
Add component (AddParameter): Name = "LatestRevisionNote"; Value = "IPC-7351 Footprint Added."; VariantName = "[No Variations]"
Add component (AddParameter): Name = "PackageDescription"; Value = "Chip Resistor"; VariantName = "[No Variations]"
Add component (AddParameter): Name = "PackageReference"; Value = "J1-0603"; VariantName = "[No Variations]"
Add component (AddParameter): Name = "Published"; Value = "8-Jun-2000"; VariantName = "[No Variations]"
Add component (AddParameter): Name = "Publisher"; Value = "Altium Limited"; VariantName = "[No Variations]"
Add component (AddParameter): Name = "Value"; Value = "0"; VariantName = "[No Variations]"
Added Component: Designator=P5(HDR1X6)
Add component. Clean all parameters for all variants
Add component (AddParameter): Name = "LatestRevisionDate"; Value = "17-Jul-2002"; VariantName = "[No Variations]"
Add component (AddParameter): Name = "LatestRevisionNote"; Value = "Re-released for DXP Platform."; VariantName = "[No Variations]"
Add component (AddParameter): Name = "Publisher"; Value = "Altium Limited"; VariantName = "[No Variations]"
Added Component: Designator=P6(HDR1X6)
Add component. Clean all parameters for all variants
Add component (AddParameter): Name = "LatestRevisionDate"; Value = "17-Jul-2002"; VariantName = "[No Variations]"
Add component (AddParameter): Name = "LatestRevisionNote"; Value = "Re-released for DXP Platform."; VariantName = "[No Variations]"
Add component (AddParameter): Name = "Publisher"; Value = "Altium Limited"; VariantName = "[No Variations]"
Added Component: Designator=P7(HDR2X6)
Add component. Clean all parameters for all variants
Add component (AddParameter): Name = "LatestRevisionDate"; Value = "17-Jul-2002"; VariantName = "[No Variations]"
Add component (AddParameter): Name = "LatestRevisionNote"; Value = "Re-released for DXP Platform."; VariantName = "[No Variations]"
Add component (AddParameter): Name = "Publisher"; Value = "Altium Limited"; VariantName = "[No Variations]"
Added Component: Designator=R8A(AXIAL-0.4)
Add component. Clean all parameters for all variants
Add component (AddParameter): Name = "LatestRevisionDate"; Value = "17-Jul-2002"; VariantName = "[No Variations]"
Add component (AddParameter): Name = "LatestRevisionNote"; Value = "Re-released for DXP Platform."; VariantName = "[No Variations]"
Add component (AddParameter): Name = "PackageDescription"; Value = "Axial Device, Thru-Hole; 2 Leads; 0.4 in Pin Spacing"; VariantName = "[No Variations]"
Add component (AddParameter): Name = "PackageReference"; Value = "AXIAL-0.4"; VariantName = "[No Variations]"
Add component (AddParameter): Name = "Published"; Value = "8-Jun-2000"; VariantName = "[No Variations]"
Add component (AddParameter): Name = "Publisher"; Value = "Altium Limited"; VariantName = "[No Variations]"
Add component (AddParameter): Name = "Value"; Value = "100"; VariantName = "[No Variations]"
Added Component: Designator=R8B(AXIAL-0.4)
Add component. Clean all parameters for all variants
Add component (AddParameter): Name = "LatestRevisionDate"; Value = "17-Jul-2002"; VariantName = "[No Variations]"
Add component (AddParameter): Name = "LatestRevisionNote"; Value = "Re-released for DXP Platform."; VariantName = "[No Variations]"
Add component (AddParameter): Name = "PackageDescription"; Value = "Axial Device, Thru-Hole; 2 Leads; 0.4 in Pin Spacing"; VariantName = "[No Variations]"
Add component (AddParameter): Name = "PackageReference"; Value = "AXIAL-0.4"; VariantName = "[No Variations]"
Add component (AddParameter): Name = "Published"; Value = "8-Jun-2000"; VariantName = "[No Variations]"
Add component (AddParameter): Name = "Publisher"; Value = "Altium Limited"; VariantName = "[No Variations]"
Add component (AddParameter): Name = "Value"; Value = "100"; VariantName = "[No Variations]"
Added Component: Designator=R9(AXIAL-0.4)
Add component. Clean all parameters for all variants
Add component (AddParameter): Name = "LatestRevisionDate"; Value = "17-Jul-2002"; VariantName = "[No Variations]"
Add component (AddParameter): Name = "LatestRevisionNote"; Value = "Re-released for DXP Platform."; VariantName = "[No Variations]"
Add component (AddParameter): Name = "PackageDescription"; Value = "Axial Device, Thru-Hole; 2 Leads; 0.4 in Pin Spacing"; VariantName = "[No Variations]"
Add component (AddParameter): Name = "PackageReference"; Value = "AXIAL-0.4"; VariantName = "[No Variations]"
Add component (AddParameter): Name = "Published"; Value = "8-Jun-2000"; VariantName = "[No Variations]"
Add component (AddParameter): Name = "Publisher"; Value = "Altium Limited"; VariantName = "[No Variations]"
Add component (AddParameter): Name = "Value"; Value = "100"; VariantName = "[No Variations]"
Added Component: Designator=R10(VR5)
Add component. Clean all parameters for all variants
Add component (AddParameter): Name = "LatestRevisionDate"; Value = "17-Jul-2002"; VariantName = "[No Variations]"
Add component (AddParameter): Name = "LatestRevisionNote"; Value = "Re-released for DXP Platform."; VariantName = "[No Variations]"
Add component (AddParameter): Name = "PackageDescription"; Value = "Variable Resistor, Thru-Hole; 3 Leads"; VariantName = "[No Variations]"
Add component (AddParameter): Name = "PackageReference"; Value = "VR5"; VariantName = "[No Variations]"
Add component (AddParameter): Name = "Published"; Value = "8-Jun-2000"; VariantName = "[No Variations]"
Add component (AddParameter): Name = "Publisher"; Value = "Altium Limited"; VariantName = "[No Variations]"
Add component (AddParameter): Name = "Set Position"; Value = "0.5"; VariantName = "[No Variations]"
Add component (AddParameter): Name = "Sim Note"; Value = "Enter the Resistance value and the set point into parameter fields."; VariantName = "[No Variations]"
Add component (AddParameter): Name = "Value"; Value = "1K"; VariantName = "[No Variations]"
Added Component: Designator=VR1(SOT223_L)
Add component. Clean all parameters for all variants
Add component (AddParameter): Name = "LatestRevisionDate"; Value = "29-May-2009"; VariantName = "[No Variations]"
Add component (AddParameter): Name = "LatestRevisionNote"; Value = "IPC-7351 Footprint Added."; VariantName = "[No Variations]"
Add component (AddParameter): Name = "PackageDescription"; Value = "3-Pin Transistor Outline Package 2.54 mm Pitch, 15.1 mm Lead Span"; VariantName = "[No Variations]"
Add component (AddParameter): Name = "PackageReference"; Value = "D2PAK"; VariantName = "[No Variations]"
Add component (AddParameter): Name = "Published"; Value = "24-Mar-1999"; VariantName = "[No Variations]"
Add component (AddParameter): Name = "Publisher"; Value = "Altium Limited"; VariantName = "[No Variations]"
Added Pin To Net: NetName=+12 Pin=C10-1
Added Pin To Net: NetName=AOUTG Pin=C10-2
Added Pin To Net: NetName=AOUTG Pin=C11-1
Added Pin To Net: NetName=NetC11_2 Pin=C11-2
Added Pin To Net: NetName=AOUTG Pin=C12-1
Added Pin To Net: NetName=NetC12_2 Pin=C12-2
Added Pin To Net: NetName=VCC Pin=C13-1
Added Pin To Net: NetName=AOUTG Pin=C13-2
Added Pin To Net: NetName=AOUTG Pin=C29-1
Added Pin To Net: NetName=VCC Pin=C29-2
Added Pin To Net: NetName=NetD1_1 Pin=D1-1
Added Pin To Net: NetName=AOUTG Pin=D1-2
Added Pin To Net: NetName=PA13 Pin=GPIO0-1
Added Pin To Net: NetName=PA12 Pin=GPIO0-2
Added Pin To Net: NetName=PA11 Pin=GPIO0-3
Added Pin To Net: NetName=PA10 Pin=GPIO0-4
Added Pin To Net: NetName=PA9 Pin=GPIO0-5
Added Pin To Net: NetName=PA8 Pin=GPIO0-6
Added Pin To Net: NetName=PC9 Pin=GPIO0-7
Added Pin To Net: NetName=PC8 Pin=GPIO0-8
Added Pin To Net: NetName=I2S3_MCK Pin=GPIO0-9
Added Pin To Net: NetName=I2S2_MCK Pin=GPIO0-10
Added Pin To Net: NetName=PB15 Pin=GPIO0-11
Added Pin To Net: NetName=PB14 Pin=GPIO0-12
Added Pin To Net: NetName=PB13 Pin=GPIO0-13
Added Pin To Net: NetName=I2S2_WS Pin=GPIO0-14
Added Pin To Net: NetName=PB11 Pin=GPIO0-15
Added Pin To Net: NetName=I2S2_CK Pin=GPIO0-16
Added Pin To Net: NetName=PB2 Pin=GPIO1-1
Added Pin To Net: NetName=PB1 Pin=GPIO1-2
Added Pin To Net: NetName=PB0 Pin=GPIO1-3
Added Pin To Net: NetName=PC5 Pin=GPIO1-4
Added Pin To Net: NetName=PC4 Pin=GPIO1-5
Added Pin To Net: NetName=PA7 Pin=GPIO1-6
Added Pin To Net: NetName=PA6 Pin=GPIO1-7
Added Pin To Net: NetName=DAC_OUT2 Pin=GPIO1-8
Added Pin To Net: NetName=DAC_OUT1 Pin=GPIO1-9
Added Pin To Net: NetName=PA3 Pin=GPIO1-10
Added Pin To Net: NetName=PA2 Pin=GPIO1-11
Added Pin To Net: NetName=PA1 Pin=GPIO1-12
Added Pin To Net: NetName=PA0 Pin=GPIO1-13
Added Pin To Net: NetName=I2S2_SD Pin=GPIO1-14
Added Pin To Net: NetName=PC2 Pin=GPIO1-15
Added Pin To Net: NetName=PC1 Pin=GPIO1-16
Added Pin To Net: NetName=PC0 Pin=GPIO2-1
Added Pin To Net: NetName=PC15 Pin=GPIO2-2
Added Pin To Net: NetName=PC14 Pin=GPIO2-3
Added Pin To Net: NetName=PC13 Pin=GPIO2-4
Added Pin To Net: NetName=PB9 Pin=GPIO2-5
Added Pin To Net: NetName=PB8 Pin=GPIO2-6
Added Pin To Net: NetName=PB7 Pin=GPIO2-7
Added Pin To Net: NetName=PB6 Pin=GPIO2-8
Added Pin To Net: NetName=PB5 Pin=GPIO2-9
Added Pin To Net: NetName=PB4 Pin=GPIO2-10
Added Pin To Net: NetName=PB3 Pin=GPIO2-11
Added Pin To Net: NetName=I2S3_SD Pin=GPIO2-12
Added Pin To Net: NetName=PC11 Pin=GPIO2-13
Added Pin To Net: NetName=I2S3_CK Pin=GPIO2-14
Added Pin To Net: NetName=PA15 Pin=GPIO2-15
Added Pin To Net: NetName=PA14 Pin=GPIO2-16
Added Pin To Net: NetName=AOUTG Pin=IRDA-1
Added Pin To Net: NetName=AOUTG Pin=IRDA-2
Added Pin To Net: NetName=VCC Pin=IRDA-3
Added Pin To Net: NetName=AOUTG Pin=IRDA-4
Added Pin To Net: NetName=IRDA_SD Pin=IRDA-5
Added Pin To Net: NetName=IRDA_RXD Pin=IRDA-6
Added Pin To Net: NetName=IRDA_TXD Pin=IRDA-7
Added Pin To Net: NetName=NetIRDA_8 Pin=IRDA-8
Added Pin To Net: NetName=AOUTG Pin=IRDA-9
Added Pin To Net: NetName=PA10 Pin=IRDA_Jumper-1
Added Pin To Net: NetName=PA9 Pin=IRDA_Jumper-2
Added Pin To Net: NetName=IRDA_RXD Pin=IRDA_Jumper-3
Added Pin To Net: NetName=IRDA_TXD Pin=IRDA_Jumper-4
Added Pin To Net: NetName=PA3 Pin=IRDA_Jumper-5
Added Pin To Net: NetName=PA2 Pin=IRDA_Jumper-6
Added Pin To Net: NetName=PC4 Pin=IRDA_Sta_J-1
Added Pin To Net: NetName=PB4 Pin=IRDA_Sta_J-2
Added Pin To Net: NetName=IRDA_SHOT Pin=IRDA_Sta_J-3
Added Pin To Net: NetName=IRDA_SD Pin=IRDA_Sta_J-4
Added Pin To Net: NetName=PC5 Pin=IRDA_Sta_J-5
Added Pin To Net: NetName=PB5 Pin=IRDA_Sta_J-6
Added Pin To Net: NetName=AOUTG Pin=J_audio-0
Added Pin To Net: NetName=AOUTG Pin=J_audio-0
Added Pin To Net: NetName=AOUTG Pin=J_audio-0
Added Pin To Net: NetName=AOUTG Pin=J_audio-0
Added Pin To Net: NetName=AOUTG Pin=J_audio-0
Added Pin To Net: NetName=AOUTG Pin=J_audio-0
Added Pin To Net: NetName=AOUTG Pin=J_audio-0
Added Pin To Net: NetName=AOUTG Pin=J_audio-0
Added Pin To Net: NetName=AOUTG Pin=J_audio-0
Added Pin To Net: NetName=AOUTG Pin=J_audio-0
Added Pin To Net: NetName=AOUTL Pin=J_audio-0
Added Pin To Net: NetName=AOUTL Pin=J_audio-0
Added Pin To Net: NetName=AOUTL Pin=J_audio-0
Added Pin To Net: NetName=AOUTL Pin=J_audio-0
Added Pin To Net: NetName=AOUTL Pin=J_audio-0
Added Pin To Net: NetName=AOUTL Pin=J_audio-0
Added Pin To Net: NetName=AOUTL Pin=J_audio-0
Added Pin To Net: NetName=AOUTL Pin=J_audio-0
Added Pin To Net: NetName=AOUTL Pin=J_audio-0
Added Pin To Net: NetName=AOUTL Pin=J_audio-0
Added Pin To Net: NetName=AOUTL Pin=J_audio-0
Added Pin To Net: NetName=AOUTL Pin=J_audio-0
Added Pin To Net: NetName=AOUTL Pin=J_audio-0
Added Pin To Net: NetName=AOUTL Pin=J_audio-0
Added Pin To Net: NetName=AOUTL Pin=J_audio-0
Added Pin To Net: NetName=AOUTL Pin=J_audio-0
Added Pin To Net: NetName=AOUTL Pin=J_audio-0
Added Pin To Net: NetName=AOUTL Pin=J_audio-0
Added Pin To Net: NetName=AOUTL Pin=J_audio-0
Added Pin To Net: NetName=AOUTL Pin=J_audio-0
Added Pin To Net: NetName=+12 Pin=J_VR1_IN-1
Added Pin To Net: NetName=NetC11_2 Pin=J_VR1_IN-2
Added Pin To Net: NetName=NetC12_2 Pin=J_VR1_OUT-1
Added Pin To Net: NetName=VCC Pin=J_VR1_OUT-2
Added Pin To Net: NetName=+12 Pin=P5-1
Added Pin To Net: NetName=+12 Pin=P5-2
Added Pin To Net: NetName=+12 Pin=P5-3
Added Pin To Net: NetName=+12 Pin=P5-4
Added Pin To Net: NetName=+12 Pin=P5-5
Added Pin To Net: NetName=+12 Pin=P5-6
Added Pin To Net: NetName=VCC Pin=P6-1
Added Pin To Net: NetName=VCC Pin=P6-2
Added Pin To Net: NetName=VCC Pin=P6-3
Added Pin To Net: NetName=VCC Pin=P6-4
Added Pin To Net: NetName=VCC Pin=P6-5
Added Pin To Net: NetName=VCC Pin=P6-6
Added Pin To Net: NetName=AOUTG Pin=P7-1
Added Pin To Net: NetName=AOUTG Pin=P7-2
Added Pin To Net: NetName=AOUTG Pin=P7-3
Added Pin To Net: NetName=AOUTG Pin=P7-4
Added Pin To Net: NetName=AOUTG Pin=P7-5
Added Pin To Net: NetName=AOUTG Pin=P7-6
Added Pin To Net: NetName=AOUTG Pin=P7-7
Added Pin To Net: NetName=AOUTG Pin=P7-8
Added Pin To Net: NetName=AOUTG Pin=P7-9
Added Pin To Net: NetName=AOUTG Pin=P7-10
Added Pin To Net: NetName=AOUTG Pin=P7-11
Added Pin To Net: NetName=AOUTG Pin=P7-12
Added Pin To Net: NetName=NetIRDA_8 Pin=R8A-1
Added Pin To Net: NetName=VCC Pin=R8A-2
Added Pin To Net: NetName=NetIRDA_8 Pin=R8B-1
Added Pin To Net: NetName=VCC Pin=R8B-2
Added Pin To Net: NetName=IRDA_SHOT Pin=R9-1
Added Pin To Net: NetName=NetD1_1 Pin=R9-2
Added Pin To Net: NetName=VCC Pin=R10-1
Added Pin To Net: NetName=AOUTG Pin=R10-2
Added Pin To Net: NetName=NetIRDA_8 Pin=R10-3
Added Pin To Net: NetName=AOUTG Pin=VR1-1
Added Pin To Net: NetName=NetC12_2 Pin=VR1-2
Added Pin To Net: NetName=NetC11_2 Pin=VR1-3
Added Member To Class: ClassName=power Member=Component C10 Cap Pol1
Added Member To Class: ClassName=power Member=Component C11 Cap
Added Member To Class: ClassName=power Member=Component C12 Cap
Added Member To Class: ClassName=power Member=Component C13 Cap Pol1
Added Member To Class: ClassName=irda Member=Component C29 Cap
Added Member To Class: ClassName=irda Member=Component D1 LED0
Added Member To Class: ClassName=GPIO Member=Component GPIO0 Header 16
Added Member To Class: ClassName=GPIO Member=Component GPIO1 Header 16
Added Member To Class: ClassName=GPIO Member=Component GPIO2 Header 16
Added Member To Class: ClassName=irda Member=Component IRDA_Jumper Header 3X2
Added Member To Class: ClassName=irda Member=Component IRDA_Sta_J Header 3X2
Added Member To Class: ClassName=irda Member=Component IRDA HSDL3201
Added Member To Class: ClassName=power Member=Component J_VR1_IN Res3
Added Member To Class: ClassName=power Member=Component J_VR1_OUT Res3
Added Member To Class: ClassName=power Member=Component P5 12V
Added Member To Class: ClassName=power Member=Component P6 3V3
Added Member To Class: ClassName=power Member=Component P7 GND
Added Member To Class: ClassName=irda Member=Component R8A Res2
Added Member To Class: ClassName=irda Member=Component R8B Res2
Added Member To Class: ClassName=irda Member=Component R9 Res2
Added Member To Class: ClassName=irda Member=Component R10 RPot
Added Member To Class: ClassName=power Member=Component VR1 Volt Reg
