Removed Pin From Net: NetName=BOOT0 Pin=P2-2
Added Component: Designator=PA(HDR2X16)
Add component. Clean all parameters for all variants
Add component (AddParameter): Name = "LatestRevisionDate"; Value = "17-Jul-2002"; VariantName = "[No Variations]"
Add component (AddParameter): Name = "LatestRevisionNote"; Value = "Re-released for DXP Platform."; VariantName = "[No Variations]"
Add component (AddParameter): Name = "Publisher"; Value = "Altium Limited"; VariantName = "[No Variations]"
Added Component: Designator=PB(HDR2X16)
Add component. Clean all parameters for all variants
Add component (AddParameter): Name = "LatestRevisionDate"; Value = "17-Jul-2002"; VariantName = "[No Variations]"
Add component (AddParameter): Name = "LatestRevisionNote"; Value = "Re-released for DXP Platform."; VariantName = "[No Variations]"
Add component (AddParameter): Name = "Publisher"; Value = "Altium Limited"; VariantName = "[No Variations]"
Added Component: Designator=PC(HDR2X16)
Add component. Clean all parameters for all variants
Add component (AddParameter): Name = "LatestRevisionDate"; Value = "17-Jul-2002"; VariantName = "[No Variations]"
Add component (AddParameter): Name = "LatestRevisionNote"; Value = "Re-released for DXP Platform."; VariantName = "[No Variations]"
Add component (AddParameter): Name = "Publisher"; Value = "Altium Limited"; VariantName = "[No Variations]"
Added Component: Designator=R3(AXIAL-0.4)
Add component. Clean all parameters for all variants
Add component (AddParameter): Name = "LatestRevisionDate"; Value = "17-Jul-2002"; VariantName = "[No Variations]"
Add component (AddParameter): Name = "LatestRevisionNote"; Value = "Re-released for DXP Platform."; VariantName = "[No Variations]"
Add component (AddParameter): Name = "PackageDescription"; Value = "Axial Device, Thru-Hole; 2 Leads; 0.4 in Pin Spacing"; VariantName = "[No Variations]"
Add component (AddParameter): Name = "PackageReference"; Value = "AXIAL-0.4"; VariantName = "[No Variations]"
Add component (AddParameter): Name = "Published"; Value = "8-Jun-2000"; VariantName = "[No Variations]"
Add component (AddParameter): Name = "Publisher"; Value = "Altium Limited"; VariantName = "[No Variations]"
Add component (AddParameter): Name = "Value"; Value = "100"; VariantName = "[No Variations]"
Added Pin To Net: NetName=BOOT0 Pin=R3-1
Added Pin To Net: NetName=NetP2_2 Pin=P2-2
Added Pin To Net: NetName=NetP2_2 Pin=R3-2
Added Net: Name=NetP2_2
Added Pin To Net: NetName=NetPA_1 Pin=PA-1
Added Pin To Net: NetName=NetPA_1 Pin=PA-2
Added Pin To Net: NetName=NetPA_1 Pin=U1-14
Added Net: Name=NetPA_1
Added Pin To Net: NetName=NetPA_3 Pin=PA-3
Added Pin To Net: NetName=NetPA_3 Pin=PA-4
Added Pin To Net: NetName=NetPA_3 Pin=U1-15
Added Net: Name=NetPA_3
Added Pin To Net: NetName=NetPA_5 Pin=PA-5
Added Pin To Net: NetName=NetPA_5 Pin=PA-6
Added Pin To Net: NetName=NetPA_5 Pin=U1-16
Added Net: Name=NetPA_5
Added Pin To Net: NetName=NetPA_7 Pin=PA-7
Added Pin To Net: NetName=NetPA_7 Pin=PA-8
Added Pin To Net: NetName=NetPA_7 Pin=U1-17
Added Net: Name=NetPA_7
Added Pin To Net: NetName=NetPA_9 Pin=PA-9
Added Pin To Net: NetName=NetPA_9 Pin=PA-10
Added Pin To Net: NetName=NetPA_9 Pin=U1-20
Added Net: Name=NetPA_9
Added Pin To Net: NetName=NetPA_11 Pin=PA-11
Added Pin To Net: NetName=NetPA_11 Pin=PA-12
Added Pin To Net: NetName=NetPA_11 Pin=U1-21
Added Net: Name=NetPA_11
Added Pin To Net: NetName=NetPA_13 Pin=PA-13
Added Pin To Net: NetName=NetPA_13 Pin=PA-14
Added Pin To Net: NetName=NetPA_13 Pin=U1-22
Added Net: Name=NetPA_13
Added Pin To Net: NetName=NetPA_15 Pin=PA-15
Added Pin To Net: NetName=NetPA_15 Pin=PA-16
Added Pin To Net: NetName=NetPA_15 Pin=U1-23
Added Net: Name=NetPA_15
Added Pin To Net: NetName=NetPA_17 Pin=PA-17
Added Pin To Net: NetName=NetPA_17 Pin=PA-18
Added Pin To Net: NetName=NetPA_17 Pin=U1-41
Added Net: Name=NetPA_17
Added Pin To Net: NetName=NetPA_19 Pin=PA-19
Added Pin To Net: NetName=NetPA_19 Pin=PA-20
Added Pin To Net: NetName=NetPA_19 Pin=U1-42
Added Net: Name=NetPA_19
Added Pin To Net: NetName=NetPA_21 Pin=PA-21
Added Pin To Net: NetName=NetPA_21 Pin=PA-22
Added Pin To Net: NetName=NetPA_21 Pin=U1-43
Added Net: Name=NetPA_21
Added Pin To Net: NetName=NetPA_23 Pin=PA-23
Added Pin To Net: NetName=NetPA_23 Pin=PA-24
Added Pin To Net: NetName=NetPA_23 Pin=U1-44
Added Net: Name=NetPA_23
Added Pin To Net: NetName=NetPA_25 Pin=PA-25
Added Pin To Net: NetName=NetPA_25 Pin=PA-26
Added Pin To Net: NetName=NetPA_25 Pin=U1-45
Added Net: Name=NetPA_25
Added Pin To Net: NetName=NetPA_27 Pin=PA-27
Added Pin To Net: NetName=NetPA_27 Pin=PA-28
Added Pin To Net: NetName=NetPA_27 Pin=U1-46
Added Net: Name=NetPA_27
Added Pin To Net: NetName=NetPA_29 Pin=PA-29
Added Pin To Net: NetName=NetPA_29 Pin=PA-30
Added Pin To Net: NetName=NetPA_29 Pin=U1-49
Added Net: Name=NetPA_29
Added Pin To Net: NetName=NetPA_31 Pin=PA-31
Added Pin To Net: NetName=NetPA_31 Pin=PA-32
Added Pin To Net: NetName=NetPA_31 Pin=U1-50
Added Net: Name=NetPA_31
Added Pin To Net: NetName=NetPB_1 Pin=PB-1
Added Pin To Net: NetName=NetPB_1 Pin=PB-2
Added Pin To Net: NetName=NetPB_1 Pin=U1-26
Added Net: Name=NetPB_1
Added Pin To Net: NetName=NetPB_4 Pin=PB-4
Added Pin To Net: NetName=NetPB_4 Pin=U1-27
Added Net: Name=NetPB_4
Added Pin To Net: NetName=NetPB_5 Pin=PB-5
Added Pin To Net: NetName=NetPB_5 Pin=PB-6
Added Pin To Net: NetName=NetPB_5 Pin=U1-55
Added Net: Name=NetPB_5
Added Pin To Net: NetName=NetPB_7 Pin=PB-7
Added Pin To Net: NetName=NetPB_7 Pin=PB-8
Added Pin To Net: NetName=NetPB_7 Pin=U1-56
Added Net: Name=NetPB_7
Added Pin To Net: NetName=NetPB_9 Pin=PB-9
Added Pin To Net: NetName=NetPB_9 Pin=PB-10
Added Pin To Net: NetName=NetPB_9 Pin=U1-57
Added Net: Name=NetPB_9
Added Pin To Net: NetName=NetPB_11 Pin=PB-11
Added Pin To Net: NetName=NetPB_11 Pin=PB-12
Added Pin To Net: NetName=NetPB_11 Pin=U1-58
Added Net: Name=NetPB_11
Added Pin To Net: NetName=NetPB_14 Pin=PB-14
Added Pin To Net: NetName=NetPB_14 Pin=U1-59
Added Net: Name=NetPB_14
Added Pin To Net: NetName=NetPB_15 Pin=PB-15
Added Pin To Net: NetName=NetPB_15 Pin=PB-16
Added Pin To Net: NetName=NetPB_15 Pin=U1-61
Added Net: Name=NetPB_15
Added Pin To Net: NetName=NetPB_17 Pin=PB-17
Added Pin To Net: NetName=NetPB_17 Pin=PB-18
Added Pin To Net: NetName=NetPB_17 Pin=U1-28
Added Net: Name=NetPB_17
Added Pin To Net: NetName=NetPB_19 Pin=PB-19
Added Pin To Net: NetName=NetPB_19 Pin=PB-20
Added Pin To Net: NetName=NetPB_19 Pin=U1-62
Added Net: Name=NetPB_19
Added Pin To Net: NetName=NetPB_21 Pin=PB-21
Added Pin To Net: NetName=NetPB_21 Pin=PB-22
Added Pin To Net: NetName=NetPB_21 Pin=U1-29
Added Net: Name=NetPB_21
Added Pin To Net: NetName=NetPB_23 Pin=PB-23
Added Pin To Net: NetName=NetPB_23 Pin=PB-24
Added Pin To Net: NetName=NetPB_23 Pin=U1-30
Added Net: Name=NetPB_23
Added Pin To Net: NetName=NetPB_25 Pin=PB-25
Added Pin To Net: NetName=NetPB_25 Pin=PB-26
Added Pin To Net: NetName=NetPB_25 Pin=U1-33
Added Net: Name=NetPB_25
Added Pin To Net: NetName=NetPB_27 Pin=PB-27
Added Pin To Net: NetName=NetPB_27 Pin=PB-28
Added Pin To Net: NetName=NetPB_27 Pin=U1-34
Added Net: Name=NetPB_27
Added Pin To Net: NetName=NetPB_29 Pin=PB-29
Added Pin To Net: NetName=NetPB_29 Pin=PB-30
Added Pin To Net: NetName=NetPB_29 Pin=U1-35
Added Net: Name=NetPB_29
Added Pin To Net: NetName=NetPB_31 Pin=PB-31
Added Pin To Net: NetName=NetPB_31 Pin=PB-32
Added Pin To Net: NetName=NetPB_31 Pin=U1-36
Added Net: Name=NetPB_31
Added Pin To Net: NetName=NetPC_1 Pin=PC-1
Added Pin To Net: NetName=NetPC_1 Pin=PC-2
Added Pin To Net: NetName=NetPC_1 Pin=U1-8
Added Net: Name=NetPC_1
Added Pin To Net: NetName=NetPC_3 Pin=PC-3
Added Pin To Net: NetName=NetPC_3 Pin=PC-4
Added Pin To Net: NetName=NetPC_3 Pin=U1-9
Added Net: Name=NetPC_3
Added Pin To Net: NetName=NetPC_5 Pin=PC-5
Added Pin To Net: NetName=NetPC_5 Pin=PC-6
Added Pin To Net: NetName=NetPC_5 Pin=U1-10
Added Net: Name=NetPC_5
Added Pin To Net: NetName=NetPC_7 Pin=PC-7
Added Pin To Net: NetName=NetPC_7 Pin=PC-8
Added Pin To Net: NetName=NetPC_7 Pin=U1-11
Added Net: Name=NetPC_7
Added Pin To Net: NetName=NetPC_9 Pin=PC-9
Added Pin To Net: NetName=NetPC_9 Pin=PC-10
Added Pin To Net: NetName=NetPC_9 Pin=U1-24
Added Net: Name=NetPC_9
Added Pin To Net: NetName=NetPC_11 Pin=PC-11
Added Pin To Net: NetName=NetPC_11 Pin=PC-12
Added Pin To Net: NetName=NetPC_11 Pin=U1-25
Added Net: Name=NetPC_11
Added Pin To Net: NetName=NetPC_13 Pin=PC-13
Added Pin To Net: NetName=NetPC_13 Pin=PC-14
Added Pin To Net: NetName=NetPC_13 Pin=U1-37
Added Net: Name=NetPC_13
Added Pin To Net: NetName=NetPC_15 Pin=PC-15
Added Pin To Net: NetName=NetPC_15 Pin=PC-16
Added Pin To Net: NetName=NetPC_15 Pin=U1-38
Added Net: Name=NetPC_15
Added Pin To Net: NetName=NetPC_17 Pin=PC-17
Added Pin To Net: NetName=NetPC_17 Pin=PC-18
Added Pin To Net: NetName=NetPC_17 Pin=U1-39
Added Net: Name=NetPC_17
Added Pin To Net: NetName=NetPC_19 Pin=PC-19
Added Pin To Net: NetName=NetPC_19 Pin=PC-20
Added Pin To Net: NetName=NetPC_19 Pin=U1-40
Added Net: Name=NetPC_19
Added Pin To Net: NetName=NetPC_21 Pin=PC-21
Added Pin To Net: NetName=NetPC_21 Pin=PC-22
Added Pin To Net: NetName=NetPC_21 Pin=U1-51
Added Net: Name=NetPC_21
Added Pin To Net: NetName=NetPC_23 Pin=PC-23
Added Pin To Net: NetName=NetPC_23 Pin=PC-24
Added Pin To Net: NetName=NetPC_23 Pin=U1-52
Added Net: Name=NetPC_23
Added Pin To Net: NetName=NetPC_25 Pin=PC-25
Added Pin To Net: NetName=NetPC_25 Pin=PC-26
Added Pin To Net: NetName=NetPC_25 Pin=U1-53
Added Net: Name=NetPC_25
Added Pin To Net: NetName=NetPC_27 Pin=PC-27
Added Pin To Net: NetName=NetPC_27 Pin=PC-28
Added Pin To Net: NetName=NetPC_27 Pin=U1-2
Added Net: Name=NetPC_27
Added Pin To Net: NetName=NetPC_29 Pin=PC-29
Added Pin To Net: NetName=NetPC_29 Pin=PC-30
Added Pin To Net: NetName=NetPC_29 Pin=U1-3
Added Net: Name=NetPC_29
Added Pin To Net: NetName=NetPC_31 Pin=PC-31
Added Pin To Net: NetName=NetPC_31 Pin=PC-32
Added Pin To Net: NetName=NetPC_31 Pin=U1-4
Added Net: Name=NetPC_31
Added Member To Class: ClassName=mcuCore Member=Component PA Header 16X2
Added Member To Class: ClassName=mcuCore Member=Component PB Header 16X2
Added Member To Class: ClassName=mcuCore Member=Component PC Header 16X2
Added Member To Class: ClassName=mcuCore Member=Component R3 Res2
Added Room: Name=mcuCore
