Removed Pin From Net: NetName=NetPA_2 Pin=PA-1
Removed Pin From Net: NetName=NetPA_4 Pin=PA-3
Removed Pin From Net: NetName=NetPA_6 Pin=PA-5
Removed Pin From Net: NetName=NetPA_8 Pin=PA-7
Removed Pin From Net: NetName=NetPA_10 Pin=PA-9
Removed Pin From Net: NetName=NetPA_12 Pin=PA-11
Removed Pin From Net: NetName=NetPA_14 Pin=PA-13
Removed Pin From Net: NetName=NetPA_16 Pin=PA-15
Removed Pin From Net: NetName=NetPA_18 Pin=PA-17
Removed Pin From Net: NetName=NetPA_20 Pin=PA-19
Removed Pin From Net: NetName=NetPA_22 Pin=PA-21
Removed Pin From Net: NetName=NetPA_24 Pin=PA-23
Removed Pin From Net: NetName=NetPA_26 Pin=PA-25
Removed Pin From Net: NetName=NetPA_28 Pin=PA-27
Removed Pin From Net: NetName=NetPA_30 Pin=PA-29
Removed Pin From Net: NetName=NetPA_32 Pin=PA-31
Removed Pin From Net: NetName=NetPB_2 Pin=PB-1
Removed Pin From Net: NetName=NetPB_4 Pin=PB-3
Removed Pin From Net: NetName=NetPB_6 Pin=PB-5
Removed Pin From Net: NetName=NetPB_8 Pin=PB-7
Removed Pin From Net: NetName=NetPB_10 Pin=PB-9
Removed Pin From Net: NetName=NetPB_12 Pin=PB-11
Removed Pin From Net: NetName=NetPB_14 Pin=PB-13
Removed Pin From Net: NetName=NetPB_16 Pin=PB-15
Removed Pin From Net: NetName=NetPB_18 Pin=PB-17
Removed Pin From Net: NetName=NetPB_20 Pin=PB-19
Removed Pin From Net: NetName=NetPB_22 Pin=PB-21
Removed Pin From Net: NetName=NetPB_24 Pin=PB-23
Removed Pin From Net: NetName=NetPB_26 Pin=PB-25
Removed Pin From Net: NetName=NetPB_28 Pin=PB-27
Removed Pin From Net: NetName=NetPB_30 Pin=PB-29
Removed Pin From Net: NetName=NetPB_32 Pin=PB-31
Removed Pin From Net: NetName=NetPC_1 Pin=PC-2
Removed Pin From Net: NetName=NetPC_3 Pin=PC-4
Removed Pin From Net: NetName=NetPC_5 Pin=PC-6
Removed Pin From Net: NetName=NetPC_7 Pin=PC-8
Removed Pin From Net: NetName=NetPC_9 Pin=PC-10
Removed Pin From Net: NetName=NetPC_11 Pin=PC-12
Removed Pin From Net: NetName=NetPC_13 Pin=PC-14
Removed Pin From Net: NetName=NetPC_15 Pin=PC-16
Removed Pin From Net: NetName=NetPC_17 Pin=PC-18
Removed Pin From Net: NetName=NetPC_19 Pin=PC-20
Removed Pin From Net: NetName=NetPC_21 Pin=PC-22
Removed Pin From Net: NetName=NetPC_23 Pin=PC-24
Removed Pin From Net: NetName=NetPC_25 Pin=PC-26
Removed Pin From Net: NetName=NetPC_27 Pin=PC-28
Removed Pin From Net: NetName=NetPC_29 Pin=PC-30
Removed Pin From Net: NetName=NetPC_31 Pin=PC-32
Added Component: Designator=VR?(SOT223_L)
Add component. Clean all parameters for all variants
Add component (AddParameter): Name = "LatestRevisionDate"; Value = "29-May-2009"; VariantName = "[No Variations]"
Add component (AddParameter): Name = "LatestRevisionNote"; Value = "IPC-7351 Footprint Added."; VariantName = "[No Variations]"
Add component (AddParameter): Name = "PackageDescription"; Value = "3-Pin Transistor Outline Package 2.54 mm Pitch, 15.1 mm Lead Span"; VariantName = "[No Variations]"
Add component (AddParameter): Name = "PackageReference"; Value = "D2PAK"; VariantName = "[No Variations]"
Add component (AddParameter): Name = "Published"; Value = "24-Mar-1999"; VariantName = "[No Variations]"
Add component (AddParameter): Name = "Publisher"; Value = "Altium Limited"; VariantName = "[No Variations]"
Added Pin To Net: NetName=GND Pin=VR?-2
Added Pin To Net: NetName=VCC Pin=VR?-3
Added Pin To Net: NetName=+12 Pin=VR?-1
Added Net: Name=+12
Added Member To Class: ClassName=mcuCore Member=Component VR? Volt Reg
Added Room: Name=mcuCore
