Removed Pin From Net: NetName=AOUTL Pin=Audio-1
Removed Pin From Net: NetName=AOUTG Pin=Audio-2
Removed Pin From Net: NetName=AOUTR Pin=Audio-3
Removed Pin From Net: NetName=AOUTG Pin=C20-1
Removed Pin From Net: NetName=AOUTG Pin=C21-2
Removed Pin From Net: NetName=AOUTG Pin=C22-2
Removed Pin From Net: NetName=AOUTG Pin=C23-1
Removed Pin From Net: NetName=VCC Pin=C23-2
Removed Pin From Net: NetName=VCC Pin=C24-1
Removed Pin From Net: NetName=AOUTG Pin=C24-2
Removed Pin From Net: NetName=AOUTR_B Pin=C25-1
Removed Pin From Net: NetName=AOUTL_B Pin=C26-1
Removed Pin From Net: NetName=AOUTG Pin=C27-1
Removed Pin From Net: NetName=AOUTR Pin=C27-2
Removed Pin From Net: NetName=AOUTG Pin=C28-1
Removed Pin From Net: NetName=AOUTL Pin=C28-2
Removed Pin From Net: NetName=AOUTG Pin=J1-1
Removed Pin From Net: NetName=AOUTR Pin=J1-2
Removed Pin From Net: NetName=AOUTR Pin=J1-3
Removed Pin From Net: NetName=AOUTL Pin=J1-4
Removed Pin From Net: NetName=AOUTL Pin=J1-5
Removed Pin From Net: NetName=MCU_AOUTL Pin=JAOUT-1
Removed Pin From Net: NetName=AOUTL_B Pin=JAOUT-2
Removed Pin From Net: NetName=DAC_AOUTL Pin=JAOUT-3
Removed Pin From Net: NetName=MCU_AOUTR Pin=JAOUT-4
Removed Pin From Net: NetName=AOUTR_B Pin=JAOUT-5
Removed Pin From Net: NetName=DAC_AOUTR Pin=JAOUT-6
Removed Pin From Net: NetName=DAC_OUT1 Pin=MCU_JA-1
Removed Pin From Net: NetName=MCU_AOUTL Pin=MCU_JA-2
Removed Pin From Net: NetName=DAC_OUT2 Pin=MCU_JA-3
Removed Pin From Net: NetName=DAC_OUT1 Pin=MCU_JA-4
Removed Pin From Net: NetName=MCU_AOUTR Pin=MCU_JA-5
Removed Pin From Net: NetName=DAC_OUT2 Pin=MCU_JA-6
Removed Pin From Net: NetName=AOUTG Pin=R4-1
Removed Pin From Net: NetName=AOUTG Pin=R5-1
Removed Pin From Net: NetName=AOUTR Pin=R6-2
Removed Pin From Net: NetName=AOUTL Pin=R7-2
Removed Pin From Net: NetName=DAC_SD Pin=U2-1
Removed Pin From Net: NetName=DAC_CK Pin=U2-2
Removed Pin From Net: NetName=DAC_WS Pin=U2-3
Removed Pin From Net: NetName=DAC_MCK Pin=U2-4
Removed Pin From Net: NetName=DAC_AOUTL Pin=U2-7
Removed Pin From Net: NetName=AOUTG Pin=U2-8
Removed Pin From Net: NetName=VCC Pin=U2-9
Removed Pin From Net: NetName=DAC_AOUTR Pin=U2-10
Removed Member From Class: ClassName=mcuCore Member=Audio
Removed Member From Class: ClassName=mcuCore Member=C20
Removed Member From Class: ClassName=mcuCore Member=C21
Removed Member From Class: ClassName=mcuCore Member=C22
Removed Member From Class: ClassName=mcuCore Member=C23
Removed Member From Class: ClassName=mcuCore Member=C24
Removed Member From Class: ClassName=mcuCore Member=C25
Removed Member From Class: ClassName=mcuCore Member=C26
Removed Member From Class: ClassName=mcuCore Member=C27
Removed Member From Class: ClassName=mcuCore Member=C28
Removed Member From Class: ClassName=mcuCore Member=J1
Removed Member From Class: ClassName=mcuCore Member=JAOUT
Removed Member From Class: ClassName=mcuCore Member=MCU_JA
Removed Member From Class: ClassName=mcuCore Member=R4
Removed Member From Class: ClassName=mcuCore Member=R5
Removed Member From Class: ClassName=mcuCore Member=R6
Removed Member From Class: ClassName=mcuCore Member=R7
Removed Member From Class: ClassName=mcuCore Member=U2
Change Component Designator: OldDesignator=BOOT0 NewDesignator=P2
Added Component: Designator=AudioOut?(HDR1X3)
Add component. Clean all parameters for all variants
Add component (AddParameter): Name = "LatestRevisionDate"; Value = "17-Jul-2002"; VariantName = "[No Variations]"
Add component (AddParameter): Name = "LatestRevisionNote"; Value = "Re-released for DXP Platform."; VariantName = "[No Variations]"
Add component (AddParameter): Name = "Publisher"; Value = "Altium Limited"; VariantName = "[No Variations]"
Added Component: Designator=C1(RAD-0.2)
Add component. Clean all parameters for all variants
Add component (AddParameter): Name = "LatestRevisionDate"; Value = "17-Jul-2002"; VariantName = "[No Variations]"
Add component (AddParameter): Name = "LatestRevisionNote"; Value = "Re-released for DXP Platform."; VariantName = "[No Variations]"
Add component (AddParameter): Name = "PackageDescription"; Value = "Radial Cap, Thru-Hole; 2 Leads; 0.3 in Pin Spacing"; VariantName = "[No Variations]"
Add component (AddParameter): Name = "PackageReference"; Value = "RAD-0.3"; VariantName = "[No Variations]"
Add component (AddParameter): Name = "Published"; Value = "8-Jun-2000"; VariantName = "[No Variations]"
Add component (AddParameter): Name = "Publisher"; Value = "Altium Limited"; VariantName = "[No Variations]"
Add component (AddParameter): Name = "Value"; Value = "100nF"; VariantName = "[No Variations]"
Added Component: Designator=C2(Cap5x10)
Add component. Clean all parameters for all variants
Add component (AddParameter): Name = "PackageDescription"; Value = "Capacitor; 2 Leads"; VariantName = "[No Variations]"
Add component (AddParameter): Name = "PackageReference"; Value = "CAPR5-4X5"; VariantName = "[No Variations]"
Add component (AddParameter): Name = "Published"; Value = "23-Sep-2002"; VariantName = "[No Variations]"
Add component (AddParameter): Name = "Publisher"; Value = "Altium Limited"; VariantName = "[No Variations]"
Add component (AddParameter): Name = "Value"; Value = "10uF"; VariantName = "[No Variations]"
Added Component: Designator=C3(Cap5x10)
Add component. Clean all parameters for all variants
Add component (AddParameter): Name = "PackageDescription"; Value = "Capacitor; 2 Leads"; VariantName = "[No Variations]"
Add component (AddParameter): Name = "PackageReference"; Value = "CAPR5-4X5"; VariantName = "[No Variations]"
Add component (AddParameter): Name = "Published"; Value = "23-Sep-2002"; VariantName = "[No Variations]"
Add component (AddParameter): Name = "Publisher"; Value = "Altium Limited"; VariantName = "[No Variations]"
Add component (AddParameter): Name = "Value"; Value = "10uF"; VariantName = "[No Variations]"
Added Component: Designator=C4(RAD-0.2)
Add component. Clean all parameters for all variants
Add component (AddParameter): Name = "LatestRevisionDate"; Value = "17-Jul-2002"; VariantName = "[No Variations]"
Add component (AddParameter): Name = "LatestRevisionNote"; Value = "Re-released for DXP Platform."; VariantName = "[No Variations]"
Add component (AddParameter): Name = "PackageDescription"; Value = "Radial Cap, Thru-Hole; 2 Leads; 0.3 in Pin Spacing"; VariantName = "[No Variations]"
Add component (AddParameter): Name = "PackageReference"; Value = "RAD-0.3"; VariantName = "[No Variations]"
Add component (AddParameter): Name = "Published"; Value = "8-Jun-2000"; VariantName = "[No Variations]"
Add component (AddParameter): Name = "Publisher"; Value = "Altium Limited"; VariantName = "[No Variations]"
Add component (AddParameter): Name = "Value"; Value = "100nF"; VariantName = "[No Variations]"
Added Component: Designator=C5(Cap8*14)
Add component. Clean all parameters for all variants
Add component (AddParameter): Name = "PackageDescription"; Value = "Capacitor; 2 Leads"; VariantName = "[No Variations]"
Add component (AddParameter): Name = "PackageReference"; Value = "CAPR5-4X5"; VariantName = "[No Variations]"
Add component (AddParameter): Name = "Published"; Value = "23-Sep-2002"; VariantName = "[No Variations]"
Add component (AddParameter): Name = "Publisher"; Value = "Altium Limited"; VariantName = "[No Variations]"
Add component (AddParameter): Name = "Value"; Value = "470uF"; VariantName = "[No Variations]"
Added Component: Designator=C6(Cap5x10)
Add component. Clean all parameters for all variants
Add component (AddParameter): Name = "PackageDescription"; Value = "Capacitor; 2 Leads"; VariantName = "[No Variations]"
Add component (AddParameter): Name = "PackageReference"; Value = "CAPR5-4X5"; VariantName = "[No Variations]"
Add component (AddParameter): Name = "Published"; Value = "23-Sep-2002"; VariantName = "[No Variations]"
Add component (AddParameter): Name = "Publisher"; Value = "Altium Limited"; VariantName = "[No Variations]"
Add component (AddParameter): Name = "Value"; Value = "10uF"; VariantName = "[No Variations]"
Added Component: Designator=C7(Cap5x10)
Add component. Clean all parameters for all variants
Add component (AddParameter): Name = "PackageDescription"; Value = "Capacitor; 2 Leads"; VariantName = "[No Variations]"
Add component (AddParameter): Name = "PackageReference"; Value = "CAPR5-4X5"; VariantName = "[No Variations]"
Add component (AddParameter): Name = "Published"; Value = "23-Sep-2002"; VariantName = "[No Variations]"
Add component (AddParameter): Name = "Publisher"; Value = "Altium Limited"; VariantName = "[No Variations]"
Add component (AddParameter): Name = "Value"; Value = "10uF"; VariantName = "[No Variations]"
Added Component: Designator=C8(RAD-0.2)
Add component. Clean all parameters for all variants
Add component (AddParameter): Name = "LatestRevisionDate"; Value = "17-Jul-2002"; VariantName = "[No Variations]"
Add component (AddParameter): Name = "LatestRevisionNote"; Value = "Re-released for DXP Platform."; VariantName = "[No Variations]"
Add component (AddParameter): Name = "PackageDescription"; Value = "Radial Cap, Thru-Hole; 2 Leads; 0.3 in Pin Spacing"; VariantName = "[No Variations]"
Add component (AddParameter): Name = "PackageReference"; Value = "RAD-0.3"; VariantName = "[No Variations]"
Add component (AddParameter): Name = "Published"; Value = "8-Jun-2000"; VariantName = "[No Variations]"
Add component (AddParameter): Name = "Publisher"; Value = "Altium Limited"; VariantName = "[No Variations]"
Add component (AddParameter): Name = "Value"; Value = "22nF"; VariantName = "[No Variations]"
Added Component: Designator=C9(RAD-0.2)
Add component. Clean all parameters for all variants
Add component (AddParameter): Name = "LatestRevisionDate"; Value = "17-Jul-2002"; VariantName = "[No Variations]"
Add component (AddParameter): Name = "LatestRevisionNote"; Value = "Re-released for DXP Platform."; VariantName = "[No Variations]"
Add component (AddParameter): Name = "PackageDescription"; Value = "Radial Cap, Thru-Hole; 2 Leads; 0.3 in Pin Spacing"; VariantName = "[No Variations]"
Add component (AddParameter): Name = "PackageReference"; Value = "RAD-0.3"; VariantName = "[No Variations]"
Add component (AddParameter): Name = "Published"; Value = "8-Jun-2000"; VariantName = "[No Variations]"
Add component (AddParameter): Name = "Publisher"; Value = "Altium Limited"; VariantName = "[No Variations]"
Add component (AddParameter): Name = "Value"; Value = "22nF"; VariantName = "[No Variations]"
Added Component: Designator=J?(AudioJack_3F07)
Add component. Clean all parameters for all variants
Add component (AddParameter): Name = "ComponentLink1Description"; Value = "Manufacturer Link"; VariantName = "[No Variations]"
Add component (AddParameter): Name = "ComponentLink1URL"; Value = "http://domino.kycon.com/internet/Products.html"; VariantName = "[No Variations]"
Add component (AddParameter): Name = "DatasheetDocument"; Value = "07-Mar-2000"; VariantName = "[No Variations]"
Add component (AddParameter): Name = "LatestRevisionDate"; Value = "17-Dec-2003"; VariantName = "[No Variations]"
Add component (AddParameter): Name = "LatestRevisionNote"; Value = "PCB Footprint replaced."; VariantName = "[No Variations]"
Add component (AddParameter): Name = "Published"; Value = "5-Jan-2004"; VariantName = "[No Variations]"
Add component (AddParameter): Name = "Publisher"; Value = "Altium Limited"; VariantName = "[No Variations]"
Added Component: Designator=JAOUT?(jumper2x3)
Add component. Clean all parameters for all variants
Add component (AddParameter): Name = "LatestRevisionDate"; Value = "17-Jul-2002"; VariantName = "[No Variations]"
Add component (AddParameter): Name = "LatestRevisionNote"; Value = "Re-released for DXP Platform."; VariantName = "[No Variations]"
Add component (AddParameter): Name = "Publisher"; Value = "Altium Limited"; VariantName = "[No Variations]"
Added Component: Designator=MCU_JA?(jumper2x3)
Add component. Clean all parameters for all variants
Add component (AddParameter): Name = "LatestRevisionDate"; Value = "17-Jul-2002"; VariantName = "[No Variations]"
Add component (AddParameter): Name = "LatestRevisionNote"; Value = "Re-released for DXP Platform."; VariantName = "[No Variations]"
Add component (AddParameter): Name = "Publisher"; Value = "Altium Limited"; VariantName = "[No Variations]"
Added Component: Designator=R1(AXIAL-0.4)
Add component. Clean all parameters for all variants
Add component (AddParameter): Name = "LatestRevisionDate"; Value = "17-Jul-2002"; VariantName = "[No Variations]"
Add component (AddParameter): Name = "LatestRevisionNote"; Value = "Re-released for DXP Platform."; VariantName = "[No Variations]"
Add component (AddParameter): Name = "PackageDescription"; Value = "Axial Device, Thru-Hole; 2 Leads; 0.4 in Pin Spacing"; VariantName = "[No Variations]"
Add component (AddParameter): Name = "PackageReference"; Value = "AXIAL-0.4"; VariantName = "[No Variations]"
Add component (AddParameter): Name = "Published"; Value = "8-Jun-2000"; VariantName = "[No Variations]"
Add component (AddParameter): Name = "Publisher"; Value = "Altium Limited"; VariantName = "[No Variations]"
Add component (AddParameter): Name = "Value"; Value = "10K"; VariantName = "[No Variations]"
Added Component: Designator=R2(AXIAL-0.4)
Add component. Clean all parameters for all variants
Add component (AddParameter): Name = "LatestRevisionDate"; Value = "17-Jul-2002"; VariantName = "[No Variations]"
Add component (AddParameter): Name = "LatestRevisionNote"; Value = "Re-released for DXP Platform."; VariantName = "[No Variations]"
Add component (AddParameter): Name = "PackageDescription"; Value = "Axial Device, Thru-Hole; 2 Leads; 0.4 in Pin Spacing"; VariantName = "[No Variations]"
Add component (AddParameter): Name = "PackageReference"; Value = "AXIAL-0.4"; VariantName = "[No Variations]"
Add component (AddParameter): Name = "Published"; Value = "8-Jun-2000"; VariantName = "[No Variations]"
Add component (AddParameter): Name = "Publisher"; Value = "Altium Limited"; VariantName = "[No Variations]"
Add component (AddParameter): Name = "Value"; Value = "10K"; VariantName = "[No Variations]"
Added Component: Designator=R3(AXIAL-0.4)
Add component. Clean all parameters for all variants
Add component (AddParameter): Name = "LatestRevisionDate"; Value = "17-Jul-2002"; VariantName = "[No Variations]"
Add component (AddParameter): Name = "LatestRevisionNote"; Value = "Re-released for DXP Platform."; VariantName = "[No Variations]"
Add component (AddParameter): Name = "PackageDescription"; Value = "Axial Device, Thru-Hole; 2 Leads; 0.4 in Pin Spacing"; VariantName = "[No Variations]"
Add component (AddParameter): Name = "PackageReference"; Value = "AXIAL-0.4"; VariantName = "[No Variations]"
Add component (AddParameter): Name = "Published"; Value = "8-Jun-2000"; VariantName = "[No Variations]"
Add component (AddParameter): Name = "Publisher"; Value = "Altium Limited"; VariantName = "[No Variations]"
Add component (AddParameter): Name = "Value"; Value = "100"; VariantName = "[No Variations]"
Added Component: Designator=R4(AXIAL-0.4)
Add component. Clean all parameters for all variants
Add component (AddParameter): Name = "LatestRevisionDate"; Value = "17-Jul-2002"; VariantName = "[No Variations]"
Add component (AddParameter): Name = "LatestRevisionNote"; Value = "Re-released for DXP Platform."; VariantName = "[No Variations]"
Add component (AddParameter): Name = "PackageDescription"; Value = "Axial Device, Thru-Hole; 2 Leads; 0.4 in Pin Spacing"; VariantName = "[No Variations]"
Add component (AddParameter): Name = "PackageReference"; Value = "AXIAL-0.4"; VariantName = "[No Variations]"
Add component (AddParameter): Name = "Published"; Value = "8-Jun-2000"; VariantName = "[No Variations]"
Add component (AddParameter): Name = "Publisher"; Value = "Altium Limited"; VariantName = "[No Variations]"
Add component (AddParameter): Name = "Value"; Value = "100"; VariantName = "[No Variations]"
Added Component: Designator=U?(CS4344)
Add component. Clean all parameters for all variants
Added Pin To Net: NetName=AOUTL Pin=AudioOut?-1
Added Pin To Net: NetName=AOUTG Pin=AudioOut?-2
Added Pin To Net: NetName=AOUTR Pin=AudioOut?-3
Added Pin To Net: NetName=AOUTG Pin=C1-1
Added Pin To Net: NetName=AOUTG Pin=C2-2
Added Pin To Net: NetName=AOUTG Pin=C3-2
Added Pin To Net: NetName=AOUTG Pin=C4-1
Added Pin To Net: NetName=VCC Pin=C4-2
Added Pin To Net: NetName=VCC Pin=C5-1
Added Pin To Net: NetName=AOUTG Pin=C5-2
Added Pin To Net: NetName=AOUTL_B Pin=C6-1
Added Pin To Net: NetName=AOUTR_B Pin=C7-1
Added Pin To Net: NetName=AOUTG Pin=C8-1
Added Pin To Net: NetName=AOUTR Pin=C8-2
Added Pin To Net: NetName=AOUTG Pin=C9-1
Added Pin To Net: NetName=AOUTR Pin=C9-2
Added Pin To Net: NetName=AOUTG Pin=J?-1
Added Pin To Net: NetName=AOUTR Pin=J?-2
Added Pin To Net: NetName=AOUTR Pin=J?-3
Added Pin To Net: NetName=AOUTL Pin=J?-4
Added Pin To Net: NetName=AOUTL Pin=J?-5
Added Pin To Net: NetName=MCU_AOUTL Pin=JAOUT?-1
Added Pin To Net: NetName=AOUTL_B Pin=JAOUT?-2
Added Pin To Net: NetName=DAC_AOUTL Pin=JAOUT?-3
Added Pin To Net: NetName=MCU_AOUTR Pin=JAOUT?-4
Added Pin To Net: NetName=AOUTR_B Pin=JAOUT?-5
Added Pin To Net: NetName=DAC_AOUTR Pin=JAOUT?-6
Added Pin To Net: NetName=DAC_OUT1 Pin=MCU_JA?-1
Added Pin To Net: NetName=MCU_AOUTL Pin=MCU_JA?-2
Added Pin To Net: NetName=DAC_OUT2 Pin=MCU_JA?-3
Added Pin To Net: NetName=DAC_OUT1 Pin=MCU_JA?-4
Added Pin To Net: NetName=DAC_OUT2 Pin=MCU_JA?-6
Added Pin To Net: NetName=AOUTG Pin=R1-1
Added Pin To Net: NetName=AOUTG Pin=R2-1
Added Pin To Net: NetName=AOUTR Pin=R3-2
Added Pin To Net: NetName=AOUTR Pin=R4-2
Added Pin To Net: NetName=DAC_SD Pin=U?-1
Added Pin To Net: NetName=DAC_CK Pin=U?-2
Added Pin To Net: NetName=DAC_WS Pin=U?-3
Added Pin To Net: NetName=DAC_MCK Pin=U?-4
Added Pin To Net: NetName=DAC_AOUTL Pin=U?-7
Added Pin To Net: NetName=AOUTG Pin=U?-8
Added Pin To Net: NetName=VCC Pin=U?-9
Added Pin To Net: NetName=DAC_AOUTR Pin=U?-10
Added Pin To Net: NetName=NetC1_2 Pin=C1-2
Added Pin To Net: NetName=NetC1_2 Pin=C2-1
Added Pin To Net: NetName=NetC1_2 Pin=U?-5
Added Net: Name=NetC1_2
Added Pin To Net: NetName=NetC3_1 Pin=C3-1
Added Pin To Net: NetName=NetC3_1 Pin=U?-6
Added Net: Name=NetC3_1
Added Pin To Net: NetName=NetC6_2 Pin=C6-2
Added Pin To Net: NetName=NetC6_2 Pin=R1-2
Added Pin To Net: NetName=NetC6_2 Pin=R3-1
Added Net: Name=NetC6_2
Added Pin To Net: NetName=NetC7_2 Pin=C7-2
Added Pin To Net: NetName=NetC7_2 Pin=R2-2
Added Pin To Net: NetName=NetC7_2 Pin=R4-1
Added Net: Name=NetC7_2
Added Class: Name=audio
Added Room: Name=audio
Added Room: Name=mcuCore
