Removed Pin From Net: NetName=DAC_AOUTL Pin=C27-2
Removed Pin From Net: NetName=DAC_AOUTR Pin=C28-2
Removed Pin From Net: NetName=DAC_AOUTL Pin=R6-2
Removed Pin From Net: NetName=DAC_AOUTR Pin=R7-2
Added Component: Designator=J1(AudioJack_3F07)
Add component. Clean all parameters for all variants
Add component (AddParameter): Name = "ComponentLink1Description"; Value = "Manufacturer Link"; VariantName = "[No Variations]"
Add component (AddParameter): Name = "ComponentLink1URL"; Value = "http://domino.kycon.com/internet/Products.html"; VariantName = "[No Variations]"
Add component (AddParameter): Name = "DatasheetDocument"; Value = "07-Mar-2000"; VariantName = "[No Variations]"
Add component (AddParameter): Name = "LatestRevisionDate"; Value = "17-Dec-2003"; VariantName = "[No Variations]"
Add component (AddParameter): Name = "LatestRevisionNote"; Value = "PCB Footprint replaced."; VariantName = "[No Variations]"
Add component (AddParameter): Name = "Published"; Value = "5-Jan-2004"; VariantName = "[No Variations]"
Add component (AddParameter): Name = "Publisher"; Value = "Altium Limited"; VariantName = "[No Variations]"
Added Component: Designator=JAOUT(jumper2x3)
Add component. Clean all parameters for all variants
Add component (AddParameter): Name = "LatestRevisionDate"; Value = "17-Jul-2002"; VariantName = "[No Variations]"
Add component (AddParameter): Name = "LatestRevisionNote"; Value = "Re-released for DXP Platform."; VariantName = "[No Variations]"
Add component (AddParameter): Name = "Publisher"; Value = "Altium Limited"; VariantName = "[No Variations]"
Added Component: Designator=MCU_JA(jumper2x3)
Add component. Clean all parameters for all variants
Add component (AddParameter): Name = "LatestRevisionDate"; Value = "17-Jul-2002"; VariantName = "[No Variations]"
Add component (AddParameter): Name = "LatestRevisionNote"; Value = "Re-released for DXP Platform."; VariantName = "[No Variations]"
Add component (AddParameter): Name = "Publisher"; Value = "Altium Limited"; VariantName = "[No Variations]"
Added Pin To Net: NetName=GND Pin=J1-1
Added Pin To Net: NetName=DAC_AOUTL Pin=JAOUT-3
Added Pin To Net: NetName=DAC_AOUTR Pin=JAOUT-6
Added Pin To Net: NetName=I2S3_WS Pin=MCU_JA-1
Added Pin To Net: NetName=NetPA_11 Pin=MCU_JA-3
Added Pin To Net: NetName=I2S3_WS Pin=MCU_JA-4
Added Pin To Net: NetName=NetPA_11 Pin=MCU_JA-6
Added Pin To Net: NetName=DAC_AOUTL Pin=U2-7
Added Pin To Net: NetName=DAC_AOUTR Pin=U2-10
Change Net Name : Old Net Name=GND New Net Name=AOUTG
Change Net Name : Old Net Name=I2S3_WS New Net Name=DAC_OUT1
Change Net Name : Old Net Name=NetPA_11 New Net Name=DAC_OUT2
Added Pin To Net: NetName=AOUTL_B Pin=C26-1
Added Pin To Net: NetName=AOUTL_B Pin=JAOUT-2
Added Net: Name=AOUTL_B
Added Pin To Net: NetName=AOUTL Pin=C28-2
Added Pin To Net: NetName=AOUTL Pin=J1-3
Added Pin To Net: NetName=AOUTL Pin=J1-4
Added Pin To Net: NetName=AOUTL Pin=R7-2
Added Net: Name=AOUTL
Added Pin To Net: NetName=AOUTR_B Pin=C25-1
Added Pin To Net: NetName=AOUTR_B Pin=JAOUT-5
Added Net: Name=AOUTR_B
Added Pin To Net: NetName=AOUTR Pin=C27-2
Added Pin To Net: NetName=AOUTR Pin=J1-2
Added Pin To Net: NetName=AOUTR Pin=J1-5
Added Pin To Net: NetName=AOUTR Pin=R6-2
Added Net: Name=AOUTR
Added Pin To Net: NetName=MCU_AOUTL Pin=JAOUT-1
Added Pin To Net: NetName=MCU_AOUTL Pin=MCU_JA-2
Added Net: Name=MCU_AOUTL
Added Pin To Net: NetName=MCU_AOUTR Pin=JAOUT-4
Added Pin To Net: NetName=MCU_AOUTR Pin=MCU_JA-5
Added Net: Name=MCU_AOUTR
Added Member To Class: ClassName=mcuCore Member=Component J1 Phonejack Stereo SW
Added Member To Class: ClassName=mcuCore Member=Component JAOUT Header 3X2
Added Member To Class: ClassName=mcuCore Member=Component MCU_JA Header 3X2
