Removed Pin From Net: NetName=GND Pin=JIRDA-1
Removed Pin From Net: NetName=NetIRDA_1 Pin=JIRDA-2
Removed Pin From Net: NetName=GND Pin=JIRDA-3
Removed Pin From Net: NetName=NetIRDA_2 Pin=JIRDA-4
Removed Pin From Net: NetName=VCC Pin=JIRDA-5
Removed Pin From Net: NetName=NetIRDA_3 Pin=JIRDA-6
Removed Pin From Net: NetName=GND Pin=JIRDA-7
Removed Pin From Net: NetName=NetIRDA_4 Pin=JIRDA-8
Removed Pin From Net: NetName=IRDA_SD Pin=JIRDA-9
Removed Pin From Net: NetName=NetIRDA_5 Pin=JIRDA-10
Removed Pin From Net: NetName=IRDA_RXD Pin=JIRDA-11
Removed Pin From Net: NetName=NetIRDA_6 Pin=JIRDA-12
Removed Pin From Net: NetName=IRDA_TXD Pin=JIRDA-13
Removed Pin From Net: NetName=NetIRDA_7 Pin=JIRDA-14
Removed Pin From Net: NetName=NetJIRDA_15 Pin=JIRDA-15
Removed Pin From Net: NetName=NetIRDA_8 Pin=JIRDA-16
Removed Member From Class: ClassName=irda_copy Member=JIRDA
Added Component: Designator=JIRDA1(HDR2X4)
Add component. Clean all parameters for all variants
Add component (AddParameter): Name = "LatestRevisionDate"; Value = "17-Jul-2002"; VariantName = "[No Variations]"
Add component (AddParameter): Name = "LatestRevisionNote"; Value = "Re-released for DXP Platform."; VariantName = "[No Variations]"
Add component (AddParameter): Name = "Publisher"; Value = "Altium Limited"; VariantName = "[No Variations]"
Added Component: Designator=JIRDA2(HDR2X4)
Add component. Clean all parameters for all variants
Add component (AddParameter): Name = "LatestRevisionDate"; Value = "17-Jul-2002"; VariantName = "[No Variations]"
Add component (AddParameter): Name = "LatestRevisionNote"; Value = "Re-released for DXP Platform."; VariantName = "[No Variations]"
Add component (AddParameter): Name = "Publisher"; Value = "Altium Limited"; VariantName = "[No Variations]"
Added Pin To Net: NetName=GND Pin=J_audio-0
Added Pin To Net: NetName=GND Pin=J_audio-0
Added Pin To Net: NetName=GND Pin=J_audio-0
Added Pin To Net: NetName=GND Pin=J_audio-0
Added Pin To Net: NetName=GND Pin=J_audio-0
Added Pin To Net: NetName=GND Pin=J_audio-0
Added Pin To Net: NetName=GND Pin=J_audio-0
Added Pin To Net: NetName=GND Pin=J_audio-0
Added Pin To Net: NetName=GND Pin=J_audio-0
Added Pin To Net: NetName=GND Pin=J_audio-0
Added Pin To Net: NetName=NetJ_audio_3 Pin=J_audio-0
Added Pin To Net: NetName=NetJ_audio_3 Pin=J_audio-0
Added Pin To Net: NetName=NetJ_audio_3 Pin=J_audio-0
Added Pin To Net: NetName=NetJ_audio_3 Pin=J_audio-0
Added Pin To Net: NetName=NetJ_audio_3 Pin=J_audio-0
Added Pin To Net: NetName=NetJ_audio_3 Pin=J_audio-0
Added Pin To Net: NetName=NetJ_audio_3 Pin=J_audio-0
Added Pin To Net: NetName=NetJ_audio_3 Pin=J_audio-0
Added Pin To Net: NetName=NetJ_audio_3 Pin=J_audio-0
Added Pin To Net: NetName=NetJ_audio_3 Pin=J_audio-0
Added Pin To Net: NetName=NetJ_audio_3 Pin=J_audio-0
Added Pin To Net: NetName=NetJ_audio_3 Pin=J_audio-0
Added Pin To Net: NetName=NetJ_audio_3 Pin=J_audio-0
Added Pin To Net: NetName=NetJ_audio_3 Pin=J_audio-0
Added Pin To Net: NetName=NetJ_audio_3 Pin=J_audio-0
Added Pin To Net: NetName=NetJ_audio_3 Pin=J_audio-0
Added Pin To Net: NetName=NetJ_audio_3 Pin=J_audio-0
Added Pin To Net: NetName=NetJ_audio_3 Pin=J_audio-0
Added Pin To Net: NetName=NetJ_audio_3 Pin=J_audio-0
Added Pin To Net: NetName=NetJ_audio_3 Pin=J_audio-0
Added Pin To Net: NetName=NetJIRDA_15 Pin=JIRDA1-1
Added Pin To Net: NetName=NetIRDA_8 Pin=JIRDA1-2
Added Pin To Net: NetName=IRDA_TXD Pin=JIRDA1-3
Added Pin To Net: NetName=NetIRDA_7 Pin=JIRDA1-4
Added Pin To Net: NetName=IRDA_RXD Pin=JIRDA1-5
Added Pin To Net: NetName=NetIRDA_6 Pin=JIRDA1-6
Added Pin To Net: NetName=IRDA_SD Pin=JIRDA1-7
Added Pin To Net: NetName=NetIRDA_5 Pin=JIRDA1-8
Added Pin To Net: NetName=GND Pin=JIRDA2-1
Added Pin To Net: NetName=NetIRDA_4 Pin=JIRDA2-2
Added Pin To Net: NetName=VCC Pin=JIRDA2-3
Added Pin To Net: NetName=NetIRDA_3 Pin=JIRDA2-4
Added Pin To Net: NetName=GND Pin=JIRDA2-5
Added Pin To Net: NetName=NetIRDA_2 Pin=JIRDA2-6
Added Pin To Net: NetName=GND Pin=JIRDA2-7
Added Pin To Net: NetName=NetIRDA_1 Pin=JIRDA2-8
Change Net Name : Old Net Name=NetJIRDA_15 New Net Name=NetJIRDA1_1
Added Member To Class: ClassName=irda_copy Member=Component JIRDA1 Header 4X2
Added Member To Class: ClassName=irda_copy Member=Component JIRDA2 Header 4X2
Added Room: Name=audio
Added Room: Name=GPIO
Added Room: Name=irda_copy
Added Room: Name=mcuCore
Added Room: Name=power
