Removed Member From Class: ClassName=mcuCore Member=U3
Change Component Designator: OldDesignator=C33 NewDesignator=C37
Added Component: Designator=R14(VR5)
Add component. Clean all parameters for all variants
Add component (AddParameter): Name = "LatestRevisionDate"; Value = "17-Jul-2002"; VariantName = "[No Variations]"
Add component (AddParameter): Name = "LatestRevisionNote"; Value = "Re-released for DXP Platform."; VariantName = "[No Variations]"
Add component (AddParameter): Name = "PackageDescription"; Value = "Variable Resistor, Thru-Hole; 3 Leads"; VariantName = "[No Variations]"
Add component (AddParameter): Name = "PackageReference"; Value = "VR5"; VariantName = "[No Variations]"
Add component (AddParameter): Name = "Published"; Value = "8-Jun-2000"; VariantName = "[No Variations]"
Add component (AddParameter): Name = "Publisher"; Value = "Altium Limited"; VariantName = "[No Variations]"
Add component (AddParameter): Name = "Set Position"; Value = "0.5"; VariantName = "[No Variations]"
Add component (AddParameter): Name = "Sim Note"; Value = "Enter the Resistance value and the set point into parameter fields."; VariantName = "[No Variations]"
Add component (AddParameter): Name = "Value"; Value = "1K"; VariantName = "[No Variations]"
Added Pin To Net: NetName=GND Pin=J_audio-0
Added Pin To Net: NetName=GND Pin=J_audio-0
Added Pin To Net: NetName=GND Pin=J_audio-0
Added Pin To Net: NetName=GND Pin=J_audio-0
Added Pin To Net: NetName=GND Pin=J_audio-0
Added Pin To Net: NetName=GND Pin=J_audio-0
Added Pin To Net: NetName=GND Pin=J_audio-0
Added Pin To Net: NetName=GND Pin=J_audio-0
Added Pin To Net: NetName=GND Pin=J_audio-0
Added Pin To Net: NetName=GND Pin=J_audio-0
Added Pin To Net: NetName=NetJ_audio_3 Pin=J_audio-0
Added Pin To Net: NetName=NetJ_audio_3 Pin=J_audio-0
Added Pin To Net: NetName=NetJ_audio_3 Pin=J_audio-0
Added Pin To Net: NetName=NetJ_audio_3 Pin=J_audio-0
Added Pin To Net: NetName=NetJ_audio_3 Pin=J_audio-0
Added Pin To Net: NetName=NetJ_audio_3 Pin=J_audio-0
Added Pin To Net: NetName=NetJ_audio_3 Pin=J_audio-0
Added Pin To Net: NetName=NetJ_audio_3 Pin=J_audio-0
Added Pin To Net: NetName=NetJ_audio_3 Pin=J_audio-0
Added Pin To Net: NetName=NetJ_audio_3 Pin=J_audio-0
Added Pin To Net: NetName=NetJ_audio_3 Pin=J_audio-0
Added Pin To Net: NetName=NetJ_audio_3 Pin=J_audio-0
Added Pin To Net: NetName=NetJ_audio_3 Pin=J_audio-0
Added Pin To Net: NetName=NetJ_audio_3 Pin=J_audio-0
Added Pin To Net: NetName=NetJ_audio_3 Pin=J_audio-0
Added Pin To Net: NetName=NetJ_audio_3 Pin=J_audio-0
Added Pin To Net: NetName=NetJ_audio_3 Pin=J_audio-0
Added Pin To Net: NetName=NetJ_audio_3 Pin=J_audio-0
Added Pin To Net: NetName=NetJ_audio_3 Pin=J_audio-0
Added Pin To Net: NetName=NetJ_audio_3 Pin=J_audio-0
Added Pin To Net: NetName=GND Pin=R14-1
Added Pin To Net: NetName=NetJIRDA1_1 Pin=R14-2
Added Pin To Net: NetName=VCC Pin=R14-3
Change Net Name : Old Net Name=NetC33_1 New Net Name=NetC37_1
Added Pin To Net: NetName=NetC33_1 Pin=C33-1
Added Pin To Net: NetName=NetC33_1 Pin=R18-1
Added Pin To Net: NetName=NetC33_1 Pin=R19-2
Added Pin To Net: NetName=NetC33_1 Pin=R20-2
Added Pin To Net: NetName=NetC33_1 Pin=R26-2
Added Net: Name=NetC33_1
Added Member To Class: ClassName=irda_copy Member=Component R14 RPot
Added Member To Class: ClassName=mcuCore Member=Component U1 Part Number: stm32f4x5rg
Added Room: Name=audio
Added Room: Name=GPIO
Added Room: Name=irda_copy
Added Room: Name=mcuCore
Added Room: Name=power
