Removed Member From Class: ClassName=audio Member=C37
Change Component Footprint: Designator=C35 Old Footprint=Cap5x10 New Footprint=Cap8*14
Change Component Footprint: Designator=C36 Old Footprint=Cap5x10 New Footprint=Cap8*14
Added Component: Designator=R14(VR5)
Add component. Clean all parameters for all variants
Add component (AddParameter): Name = "LatestRevisionDate"; Value = "17-Jul-2002"; VariantName = "[No Variations]"
Add component (AddParameter): Name = "LatestRevisionNote"; Value = "Re-released for DXP Platform."; VariantName = "[No Variations]"
Add component (AddParameter): Name = "PackageDescription"; Value = "Variable Resistor, Thru-Hole; 3 Leads"; VariantName = "[No Variations]"
Add component (AddParameter): Name = "PackageReference"; Value = "VR5"; VariantName = "[No Variations]"
Add component (AddParameter): Name = "Published"; Value = "8-Jun-2000"; VariantName = "[No Variations]"
Add component (AddParameter): Name = "Publisher"; Value = "Altium Limited"; VariantName = "[No Variations]"
Add component (AddParameter): Name = "Set Position"; Value = "0.5"; VariantName = "[No Variations]"
Add component (AddParameter): Name = "Sim Note"; Value = "Enter the Resistance value and the set point into parameter fields."; VariantName = "[No Variations]"
Add component (AddParameter): Name = "Value"; Value = "1K"; VariantName = "[No Variations]"
Added Pin To Net: NetName=GND Pin=J_audio-0
Added Pin To Net: NetName=GND Pin=J_audio-0
Added Pin To Net: NetName=GND Pin=J_audio-0
Added Pin To Net: NetName=GND Pin=J_audio-0
Added Pin To Net: NetName=GND Pin=J_audio-0
Added Pin To Net: NetName=GND Pin=J_audio-0
Added Pin To Net: NetName=GND Pin=J_audio-0
Added Pin To Net: NetName=GND Pin=J_audio-0
Added Pin To Net: NetName=GND Pin=J_audio-0
Added Pin To Net: NetName=GND Pin=J_audio-0
Added Pin To Net: NetName=NetJ_audio_2 Pin=J_audio-0
Added Pin To Net: NetName=NetJ_audio_2 Pin=J_audio-0
Added Pin To Net: NetName=NetJ_audio_2 Pin=J_audio-0
Added Pin To Net: NetName=NetJ_audio_2 Pin=J_audio-0
Added Pin To Net: NetName=NetJ_audio_2 Pin=J_audio-0
Added Pin To Net: NetName=NetJ_audio_2 Pin=J_audio-0
Added Pin To Net: NetName=NetJ_audio_2 Pin=J_audio-0
Added Pin To Net: NetName=NetJ_audio_2 Pin=J_audio-0
Added Pin To Net: NetName=NetJ_audio_2 Pin=J_audio-0
Added Pin To Net: NetName=NetJ_audio_2 Pin=J_audio-0
Added Pin To Net: NetName=NetJ_audio_2 Pin=J_audio-0
Added Pin To Net: NetName=NetJ_audio_2 Pin=J_audio-0
Added Pin To Net: NetName=NetJ_audio_2 Pin=J_audio-0
Added Pin To Net: NetName=NetJ_audio_2 Pin=J_audio-0
Added Pin To Net: NetName=NetJ_audio_2 Pin=J_audio-0
Added Pin To Net: NetName=NetJ_audio_2 Pin=J_audio-0
Added Pin To Net: NetName=NetJ_audio_2 Pin=J_audio-0
Added Pin To Net: NetName=NetJ_audio_2 Pin=J_audio-0
Added Pin To Net: NetName=NetJ_audio_2 Pin=J_audio-0
Added Pin To Net: NetName=NetJ_audio_2 Pin=J_audio-0
Added Pin To Net: NetName=GND Pin=R14-1
Added Pin To Net: NetName=NetJIRDA1_1 Pin=R14-2
Added Pin To Net: NetName=VCC Pin=R14-3
Added Member To Class: ClassName=audio Member=Component C33 Cap Pol1
Added Member To Class: ClassName=irda_copy Member=Component R14 RPot
Added Room: Name=audio
Added Room: Name=GPIO
Added Room: Name=irda_copy
Added Room: Name=mcuCore
Added Room: Name=power
