Added Pin To Net: NetName=GND Pin=J_audio-0
Added Pin To Net: NetName=GND Pin=J_audio-0
Added Pin To Net: NetName=GND Pin=J_audio-0
Added Pin To Net: NetName=GND Pin=J_audio-0
Added Pin To Net: NetName=GND Pin=J_audio-0
Added Pin To Net: NetName=GND Pin=J_audio-0
Added Pin To Net: NetName=GND Pin=J_audio-0
Added Pin To Net: NetName=GND Pin=J_audio-0
Added Pin To Net: NetName=GND Pin=J_audio-0
Added Pin To Net: NetName=GND Pin=J_audio-0
Added Pin To Net: NetName=NetJ_audio_2 Pin=J_audio-0
Added Pin To Net: NetName=NetJ_audio_2 Pin=J_audio-0
Added Pin To Net: NetName=NetJ_audio_2 Pin=J_audio-0
Added Pin To Net: NetName=NetJ_audio_2 Pin=J_audio-0
Added Pin To Net: NetName=NetJ_audio_2 Pin=J_audio-0
Added Pin To Net: NetName=NetJ_audio_2 Pin=J_audio-0
Added Pin To Net: NetName=NetJ_audio_2 Pin=J_audio-0
Added Pin To Net: NetName=NetJ_audio_2 Pin=J_audio-0
Added Pin To Net: NetName=NetJ_audio_2 Pin=J_audio-0
Added Pin To Net: NetName=NetJ_audio_2 Pin=J_audio-0
Added Pin To Net: NetName=NetJ_audio_2 Pin=J_audio-0
Added Pin To Net: NetName=NetJ_audio_2 Pin=J_audio-0
Added Pin To Net: NetName=NetJ_audio_2 Pin=J_audio-0
Added Pin To Net: NetName=NetJ_audio_2 Pin=J_audio-0
Added Pin To Net: NetName=NetJ_audio_2 Pin=J_audio-0
Added Pin To Net: NetName=NetJ_audio_2 Pin=J_audio-0
Added Pin To Net: NetName=NetJ_audio_2 Pin=J_audio-0
Added Pin To Net: NetName=NetJ_audio_2 Pin=J_audio-0
Added Pin To Net: NetName=NetJ_audio_2 Pin=J_audio-0
Added Pin To Net: NetName=NetJ_audio_2 Pin=J_audio-0
Added Room: Name=GPIO
Added Room: Name=mcuCore
Added Room: Name=power
